"../../../../Lasalle/2020.5-fall/GameEngineIII/FirstAssignment/PhilipeGo_Assign01/Content/Materials/M_LightBeam.uasset" 0
"../../../../Lasalle/2020.5-fall/GameEngineIII/FirstAssignment/PhilipeGo_Assign01/Content/M_ForceField.uasset" 1
"../../../Engine/Content/Functions/Engine_MaterialFunctions01/Opacity/CameraDepthFade.uasset" 2
"../../../Engine/Content/EngineMaterials/T_Default_Material_Grid_M.uasset" 3
"../../../Engine/Content/EngineMaterials/T_Default_Material_Grid_N.uasset" 4
"../../../Engine/Content/EngineMaterials/WorldGridMaterial.uasset" 5
"../../../../Lasalle/2020.5-fall/GameEngineIII/FirstAssignment/PhilipeGo_Assign01/Content/Scenario/SM_LightBeam.uasset" 6
"../../../../Lasalle/2020.5-fall/GameEngineIII/FirstAssignment/PhilipeGo_Assign01/Content/SM_LightBeam.uasset" 7
"../../../../Lasalle/2020.5-fall/GameEngineIII/FirstAssignment/PhilipeGo_Assign01/Content/FirstPerson/Character/Mesh/SK_Mannequin_Arms_Skeleton.uasset" 8
"../../../../Lasalle/2020.5-fall/GameEngineIII/FirstAssignment/PhilipeGo_Assign01/Content/FirstPerson/Animations/FirstPerson_Idle.uasset" 9
"../../../../Lasalle/2020.5-fall/GameEngineIII/FirstAssignment/PhilipeGo_Assign01/Content/FirstPerson/Animations/FirstPerson_JumpEnd.uasset" 10
"../../../../Lasalle/2020.5-fall/GameEngineIII/FirstAssignment/PhilipeGo_Assign01/Content/FirstPerson/Animations/FirstPerson_JumpLoop.uasset" 11
"../../../../Lasalle/2020.5-fall/GameEngineIII/FirstAssignment/PhilipeGo_Assign01/Content/FirstPerson/Animations/FirstPerson_JumpStart.uasset" 12
"../../../../Lasalle/2020.5-fall/GameEngineIII/FirstAssignment/PhilipeGo_Assign01/Content/FirstPerson/Animations/FirstPerson_Run.uasset" 13
"../../../Engine/Content/EditorBlueprintResources/StandardMacros.uasset" 14
"../../../../Lasalle/2020.5-fall/GameEngineIII/FirstAssignment/PhilipeGo_Assign01/Content/FirstPerson/Animations/FirstPerson_AnimBP.uasset" 15
"../../../../Lasalle/2020.5-fall/GameEngineIII/FirstAssignment/PhilipeGo_Assign01/Content/FirstPerson/Character/Mesh/FirstPersonAnimBlueprint_Copy.uasset" 16
"../../../../Lasalle/2020.5-fall/GameEngineIII/FirstAssignment/PhilipeGo_Assign01/Content/FirstPerson/Character/Textures/UE4_LOGO_CARD.uasset" 17
"../../../../Lasalle/2020.5-fall/GameEngineIII/FirstAssignment/PhilipeGo_Assign01/Content/FirstPerson/FPWeapon/Materials/MaterialLayers/ML_Plastic_Shiny_Beige_LOGO.uasset" 18
"../../../../Lasalle/2020.5-fall/GameEngineIII/FirstAssignment/PhilipeGo_Assign01/Content/FirstPerson/FPWeapon/Materials/MaterialLayers/T_ML_FineRubber.uasset" 19
"../../../Engine/Content/Functions/Engine_MaterialFunctions02/Utility/BlendAngleCorrectedNormals.uasset" 20
"../../../Engine/Content/Functions/MaterialLayerFunctions/MatLayerBlend_NormalBlend.uasset" 21
"../../../Engine/Content/Functions/MaterialLayerFunctions/MatLayerBlend_Simple.uasset" 22
"../../../../Lasalle/2020.5-fall/GameEngineIII/FirstAssignment/PhilipeGo_Assign01/Content/FirstPerson/FPWeapon/Materials/MaterialLayers/T_ML_Rubber_Blue_01_D.uasset" 23
"../../../../Lasalle/2020.5-fall/GameEngineIII/FirstAssignment/PhilipeGo_Assign01/Content/FirstPerson/FPWeapon/Materials/MaterialLayers/T_ML_Rubber_Blue_01_N.uasset" 24
"../../../../Lasalle/2020.5-fall/GameEngineIII/FirstAssignment/PhilipeGo_Assign01/Content/FirstPerson/FPWeapon/Materials/MaterialLayers/ML_GlossyBlack_Latex_UE4.uasset" 25
"../../../../Lasalle/2020.5-fall/GameEngineIII/FirstAssignment/PhilipeGo_Assign01/Content/FirstPerson/FPWeapon/Materials/MaterialLayers/ML_Plastic_Shiny_Beige.uasset" 26
"../../../../Lasalle/2020.5-fall/GameEngineIII/FirstAssignment/PhilipeGo_Assign01/Content/FirstPerson/FPWeapon/Materials/MaterialLayers/ML_Screen.uasset" 27
"../../../../Lasalle/2020.5-fall/GameEngineIII/FirstAssignment/PhilipeGo_Assign01/Content/FirstPerson/FPWeapon/Materials/MaterialLayers/T_ML_Aluminum01.uasset" 28
"../../../../Lasalle/2020.5-fall/GameEngineIII/FirstAssignment/PhilipeGo_Assign01/Content/FirstPerson/FPWeapon/Materials/MaterialLayers/T_ML_Aluminum01_N.uasset" 29
"../../../../Lasalle/2020.5-fall/GameEngineIII/FirstAssignment/PhilipeGo_Assign01/Content/FirstPerson/FPWeapon/Materials/MaterialLayers/ML_SoftMetal_UE4.uasset" 30
"../../../../Lasalle/2020.5-fall/GameEngineIII/FirstAssignment/PhilipeGo_Assign01/Content/FirstPerson/FPWeapon/Textures/T_FPGun_M.uasset" 31
"../../../../Lasalle/2020.5-fall/GameEngineIII/FirstAssignment/PhilipeGo_Assign01/Content/FirstPerson/FPWeapon/Textures/T_FPGun_N.uasset" 32
"../../../../Lasalle/2020.5-fall/GameEngineIII/FirstAssignment/PhilipeGo_Assign01/Content/FirstPerson/FPWeapon/Materials/M_FPGun.uasset" 33
"../../../../Lasalle/2020.5-fall/GameEngineIII/FirstAssignment/PhilipeGo_Assign01/Content/FirstPerson/FPWeapon/Mesh/SK_FPGun_Skeleton.uasset" 34
"../../../../Lasalle/2020.5-fall/GameEngineIII/FirstAssignment/PhilipeGo_Assign01/Content/FirstPerson/FPWeapon/Mesh/SK_FPGun.uasset" 35
"../../../../Lasalle/2020.5-fall/GameEngineIII/FirstAssignment/PhilipeGo_Assign01/Content/FirstPerson/FPWeapon/Mesh/SK_FPGun_PhysicsAsset.uasset" 36
"../../../../Lasalle/2020.5-fall/GameEngineIII/FirstAssignment/PhilipeGo_Assign01/Content/FirstPerson/Meshes/BaseMaterial.uasset" 37
"../../../../Lasalle/2020.5-fall/GameEngineIII/FirstAssignment/PhilipeGo_Assign01/Content/FirstPerson/Meshes/CubeMaterialOverride.uasset" 38
"../../../../Lasalle/2020.5-fall/GameEngineIII/FirstAssignment/PhilipeGo_Assign01/Content/FirstPerson/Meshes/FirstPersonProjectileMaterial.uasset" 39
"../../../../Lasalle/2020.5-fall/GameEngineIII/FirstAssignment/PhilipeGo_Assign01/Content/FirstPersonBP/FirstPersonOverview.uasset" 40
"../../../../Lasalle/2020.5-fall/GameEngineIII/FirstAssignment/PhilipeGo_Assign01/Content/FirstPerson/Animations/FirstPerson_Fire.uasset" 41
"../../../../Lasalle/2020.5-fall/GameEngineIII/FirstAssignment/PhilipeGo_Assign01/Content/FirstPerson/Animations/FirstPersonFire_Montage.uasset" 42
"../../Plugins/FX/Niagara/Content/DefaultAssets/DefaultSpriteMaterial.uasset" 43
"../../Plugins/FX/Niagara/Content/DefaultAssets/M_Gnomon_Alpha.uasset" 44
"../../Plugins/FX/Niagara/Content/DynamicInputs/Angles/NormalizedAngleToDegrees.uasset" 45
"../../Plugins/FX/Niagara/Content/DynamicInputs/Helpers/SimulationPosition.uasset" 46
"../../Plugins/FX/Niagara/Content/DynamicInputs/TypeConversions/Vector2DFromFloat.uasset" 47
"../../Plugins/FX/Niagara/Content/DynamicInputs/TypeConversions/VectorFromFloat.uasset" 48
"../../Plugins/FX/Niagara/Content/Enums/ENiagaraRandomnessMode.uasset" 49
"../../Plugins/FX/Niagara/Content/Functions/GetRandomInfo.uasset" 50
"../../Plugins/FX/Niagara/Content/Functions/RandomRangeFloat.uasset" 51
"../../Plugins/FX/Niagara/Content/DynamicInputs/UniformRange/UniformRangedFloat.uasset" 52
"../../Plugins/FX/Niagara/Content/DynamicInputs/ValueFromCurve/ColorFromCurve.uasset" 53
"../../Plugins/FX/Niagara/Content/DynamicInputs/ValueFromCurve/FloatFromCurve.uasset" 54
"../../Plugins/FX/Niagara/Content/Functions/Localspace/SimulationPosition.uasset" 55
"../../Plugins/FX/Niagara/Content/Functions/Emitter/EmitterChangeState.uasset" 56
"../../Plugins/FX/Niagara/Content/Enums/ENiagara_EmitterStateOptions.uasset" 57
"../../Plugins/FX/Niagara/Content/Enums/ENiagara_InfiniteLoopDuration.uasset" 58
"../../Plugins/FX/Niagara/Content/Enums/ENiagaraEmitterLifeCycleMode.uasset" 59
"../../Plugins/FX/Niagara/Content/Enums/ENiagaraEmitterScalabilityMode_Limited.uasset" 60
"../../Plugins/FX/Niagara/Content/Enums/ENiagaraExecutionStateManagement.uasset" 61
"../../Plugins/FX/Niagara/Content/Enums/ENiagaraInactiveMode.uasset" 62
"../../Plugins/FX/Niagara/Content/Modules/Emitter/EmitterState.uasset" 63
"../../Plugins/FX/Niagara/Content/Modules/Emitter/SpawnBurst_Instantaneous.uasset" 64
"../../Plugins/FX/Niagara/Content/Functions/DirectionAndLengthSafe.uasset" 65
"../../Plugins/FX/Niagara/Content/Modules/Solvers/SolveForcesAndVelocity.uasset" 66
"../../Plugins/FX/Niagara/Content/Modules/Spawn/Initialization/InitializeParticle.uasset" 67
"../../Plugins/FX/Niagara/Content/Enums/ENiagaraCoordinateSpace.uasset" 68
"../../Plugins/FX/Niagara/Content/Functions/Localspace/TransformBase.uasset" 69
"../../Plugins/FX/Niagara/Content/Functions/Localspace/TransformVector.uasset" 70
"../../Plugins/FX/Niagara/Content/Functions/RandomPointInSphere.uasset" 71
"../../Plugins/FX/Niagara/Content/Enums/ENiagaraExpansionMode.uasset" 72
"../../Plugins/FX/Niagara/Content/Enums/ENiagaraTorusDistributionMode.uasset" 73
"../../Plugins/FX/Niagara/Content/Modules/Spawn/Location/SphereLocation.uasset" 74
"../../Plugins/FX/Niagara/Content/Functions/NormalizeDistanceRange.uasset" 75
"../../Plugins/FX/Niagara/Content/Functions/DistanceBasedFalloff.uasset" 76
"../../Plugins/FX/Niagara/Content/Functions/RandomUnitVector.uasset" 77
"../../Plugins/FX/Niagara/Content/Functions/RandomVector.uasset" 78
"../../Plugins/FX/Niagara/Content/Modules/Spawn/Velocity/AddVelocityFromPoint.uasset" 79
"../../Plugins/FX/Niagara/Content/Functions/Math/RemapValueRange.uasset" 80
"../../Plugins/FX/Niagara/Content/Functions/PolarToCartesianCoordinates.uasset" 81
"../../Plugins/FX/Niagara/Content/Functions/RandomVectorInCone.uasset" 82
"../../Plugins/FX/Niagara/Content/Functions/Rotation/FindQuatBetween.uasset" 83
"../../Plugins/FX/Niagara/Content/Functions/Rotation/MultiplyVectorWithQuaternion.uasset" 84
"../../Plugins/FX/Niagara/Content/Modules/Spawn/Velocity/AddVelocityInCone.uasset" 85
"../../Plugins/FX/Niagara/Content/Functions/System/SystemChangeState.uasset" 86
"../../Plugins/FX/Niagara/Content/Enums/ENiagaraSystemInactiveMode.uasset" 87
"../../Plugins/FX/Niagara/Content/Modules/System/SystemState.uasset" 88
"../../Plugins/FX/Niagara/Content/Modules/Update/Color/Color.uasset" 89
"../../Plugins/FX/Niagara/Content/Enums/ENiagaraScaleColorMode.uasset" 90
"../../Plugins/FX/Niagara/Content/Modules/Update/Color/ScaleColor.uasset" 91
"../../Plugins/FX/Niagara/Content/Modules/Update/Forces/Drag.uasset" 92
"../../Plugins/FX/Niagara/Content/Modules/Update/Forces/GravityForce.uasset" 93
"../../Plugins/FX/Niagara/Content/Modules/Update/Lifetime/ParticleState.uasset" 94
"../../Plugins/FX/Niagara/Content/Enums/ENiagaraMassByVolume.uasset" 95
"../../Plugins/FX/Niagara/Content/Modules/Update/Mass/CalculateSizeAndRotationalInertiaByMass.uasset" 96
"../../Plugins/FX/Niagara/Content/Modules/Update/Size/ScaleMeshSize.uasset" 97
"../../Plugins/FX/Niagara/Content/Modules/Update/Size/ScaleSpriteSize.uasset" 98
"../../../../Lasalle/2020.5-fall/GameEngineIII/FirstAssignment/PhilipeGo_Assign01/Content/StarterContent/Props/MaterialSphere.uasset" 99
"../../../../Lasalle/2020.5-fall/GameEngineIII/FirstAssignment/PhilipeGo_Assign01/Content/VFX/NS_BombExplode.uasset" 100
"../../../../Lasalle/2020.5-fall/GameEngineIII/FirstAssignment/PhilipeGo_Assign01/Content/Props/Bomb/T_Bomb_A.uasset" 101
"../../../../Lasalle/2020.5-fall/GameEngineIII/FirstAssignment/PhilipeGo_Assign01/Content/Props/Bomb/T_Bomb_E.uasset" 102
"../../../../Lasalle/2020.5-fall/GameEngineIII/FirstAssignment/PhilipeGo_Assign01/Content/Props/Bomb/T_Bomb_M.uasset" 103
"../../../../Lasalle/2020.5-fall/GameEngineIII/FirstAssignment/PhilipeGo_Assign01/Content/Props/Bomb/T_Bomb_N.uasset" 104
"../../../../Lasalle/2020.5-fall/GameEngineIII/FirstAssignment/PhilipeGo_Assign01/Content/Props/Bomb/T_Bomb_R.uasset" 105
"../../../../Lasalle/2020.5-fall/GameEngineIII/FirstAssignment/PhilipeGo_Assign01/Content/Props/Bomb/M_Bomb.uasset" 106
"../../../../Lasalle/2020.5-fall/GameEngineIII/FirstAssignment/PhilipeGo_Assign01/Content/Props/Bomb/M_BombGlass.uasset" 107
"../../../../Lasalle/2020.5-fall/GameEngineIII/FirstAssignment/PhilipeGo_Assign01/Content/Props/Bomb/T_Sign_A.uasset" 108
"../../../../Lasalle/2020.5-fall/GameEngineIII/FirstAssignment/PhilipeGo_Assign01/Content/Props/Bomb/T_Sign_N.uasset" 109
"../../../../Lasalle/2020.5-fall/GameEngineIII/FirstAssignment/PhilipeGo_Assign01/Content/Props/Bomb/T_Sign_O.uasset" 110
"../../../../Lasalle/2020.5-fall/GameEngineIII/FirstAssignment/PhilipeGo_Assign01/Content/Props/Bomb/T_Sign_R.uasset" 111
"../../../../Lasalle/2020.5-fall/GameEngineIII/FirstAssignment/PhilipeGo_Assign01/Content/Props/Bomb/M_BombSign.uasset" 112
"../../../../Lasalle/2020.5-fall/GameEngineIII/FirstAssignment/PhilipeGo_Assign01/Content/Props/Bomb/T_Sign2_A.uasset" 113
"../../../../Lasalle/2020.5-fall/GameEngineIII/FirstAssignment/PhilipeGo_Assign01/Content/Props/Bomb/T_Sign2_M.uasset" 114
"../../../../Lasalle/2020.5-fall/GameEngineIII/FirstAssignment/PhilipeGo_Assign01/Content/Props/Bomb/T_Sign2_N.uasset" 115
"../../../../Lasalle/2020.5-fall/GameEngineIII/FirstAssignment/PhilipeGo_Assign01/Content/Props/Bomb/T_Sign2_O.uasset" 116
"../../../../Lasalle/2020.5-fall/GameEngineIII/FirstAssignment/PhilipeGo_Assign01/Content/Props/Bomb/T_Sign2_R.uasset" 117
"../../../../Lasalle/2020.5-fall/GameEngineIII/FirstAssignment/PhilipeGo_Assign01/Content/Props/Bomb/M_Bombsign2.uasset" 118
"../../../../Lasalle/2020.5-fall/GameEngineIII/FirstAssignment/PhilipeGo_Assign01/Content/Props/Bomb/SM_Bomb.uasset" 119
"../../../../Lasalle/2020.5-fall/GameEngineIII/FirstAssignment/PhilipeGo_Assign01/Content/StarterContent/Audio/Collapse01.uasset" 120
"../../../../Lasalle/2020.5-fall/GameEngineIII/FirstAssignment/PhilipeGo_Assign01/Content/BluePrints/BP_Bomb.uasset" 121
"../../../../Lasalle/2020.5-fall/GameEngineIII/FirstAssignment/PhilipeGo_Assign01/Content/Props/MainWeapon/T_MainWeapon_A.uasset" 122
"../../../../Lasalle/2020.5-fall/GameEngineIII/FirstAssignment/PhilipeGo_Assign01/Content/Props/MainWeapon/T_MainWeapon_M.uasset" 123
"../../../../Lasalle/2020.5-fall/GameEngineIII/FirstAssignment/PhilipeGo_Assign01/Content/Props/MainWeapon/T_MainWeapon_N.uasset" 124
"../../../../Lasalle/2020.5-fall/GameEngineIII/FirstAssignment/PhilipeGo_Assign01/Content/Props/MainWeapon/T_MainWeapon_O.uasset" 125
"../../../../Lasalle/2020.5-fall/GameEngineIII/FirstAssignment/PhilipeGo_Assign01/Content/Props/MainWeapon/T_MainWeapon_R.uasset" 126
"../../../../Lasalle/2020.5-fall/GameEngineIII/FirstAssignment/PhilipeGo_Assign01/Content/Props/MainWeapon/M_MainWeapon.uasset" 127
"../../../../Lasalle/2020.5-fall/GameEngineIII/FirstAssignment/PhilipeGo_Assign01/Content/Props/MainWeapon/SKEL_MainWeapon.uasset" 128
"../../../../Lasalle/2020.5-fall/GameEngineIII/FirstAssignment/PhilipeGo_Assign01/Content/Props/MainWeapon/SK_MainWeapon.uasset" 129
"../../../../Lasalle/2020.5-fall/GameEngineIII/FirstAssignment/PhilipeGo_Assign01/Content/BluePrints/BP_Gun.uasset" 130
"../../../../Lasalle/2020.5-fall/GameEngineIII/FirstAssignment/PhilipeGo_Assign01/Content/Props/HandGun/T_HandGun_A.uasset" 131
"../../../../Lasalle/2020.5-fall/GameEngineIII/FirstAssignment/PhilipeGo_Assign01/Content/Props/HandGun/T_HandGun_AO.uasset" 132
"../../../../Lasalle/2020.5-fall/GameEngineIII/FirstAssignment/PhilipeGo_Assign01/Content/Props/HandGun/T_HandGun_E.uasset" 133
"../../../../Lasalle/2020.5-fall/GameEngineIII/FirstAssignment/PhilipeGo_Assign01/Content/Props/HandGun/T_HandGun_M.uasset" 134
"../../../../Lasalle/2020.5-fall/GameEngineIII/FirstAssignment/PhilipeGo_Assign01/Content/Props/HandGun/T_HandGun_N.uasset" 135
"../../../../Lasalle/2020.5-fall/GameEngineIII/FirstAssignment/PhilipeGo_Assign01/Content/Props/HandGun/T_HandGun_R.uasset" 136
"../../../../Lasalle/2020.5-fall/GameEngineIII/FirstAssignment/PhilipeGo_Assign01/Content/Props/HandGun/M_HandGun.uasset" 137
"../../../../Lasalle/2020.5-fall/GameEngineIII/FirstAssignment/PhilipeGo_Assign01/Content/Props/HandGun/PHYS_HandGun.uasset" 138
"../../../../Lasalle/2020.5-fall/GameEngineIII/FirstAssignment/PhilipeGo_Assign01/Content/Props/HandGun/SKEL_HandGun.uasset" 139
"../../../../Lasalle/2020.5-fall/GameEngineIII/FirstAssignment/PhilipeGo_Assign01/Content/Props/HandGun/SK_HandGun.uasset" 140
"../../../../Lasalle/2020.5-fall/GameEngineIII/FirstAssignment/PhilipeGo_Assign01/Content/BluePrints/BP_SecondaryWeapon.uasset" 141
"../../../../Lasalle/2020.5-fall/GameEngineIII/FirstAssignment/PhilipeGo_Assign01/Content/Materials/M_PrimaryGunProjectile.uasset" 142
"../../../../Lasalle/2020.5-fall/GameEngineIII/FirstAssignment/PhilipeGo_Assign01/Content/FirstPerson/Meshes/FirstPersonProjectileMesh.uasset" 143
"../../../../Lasalle/2020.5-fall/GameEngineIII/FirstAssignment/PhilipeGo_Assign01/Content/FirstPersonBP/Blueprints/FirstPersonProjectile.uasset" 144
"../../../../Lasalle/2020.5-fall/GameEngineIII/FirstAssignment/PhilipeGo_Assign01/Content/Materials/M_SecondaryGunProjectile.uasset" 145
"../../../../Lasalle/2020.5-fall/GameEngineIII/FirstAssignment/PhilipeGo_Assign01/Content/FirstPersonBP/Blueprints/FirstPersonProjectile2.uasset" 146
"../../Plugins/FX/Niagara/Content/Modules/Update/Size/ScaleSpriteSizeBySpeed.uasset" 147
"../../../../Lasalle/2020.5-fall/GameEngineIII/FirstAssignment/PhilipeGo_Assign01/Content/VFX/NS_GunSpark.uasset" 148
"../../../../Lasalle/2020.5-fall/GameEngineIII/FirstAssignment/PhilipeGo_Assign01/Content/FirstPerson/Audio/FirstPersonTemplateWeaponFire02.uasset" 149
"../../../../Lasalle/2020.5-fall/GameEngineIII/FirstAssignment/PhilipeGo_Assign01/Content/FirstPerson/Character/Materials/MaterialLayers/T_ML_Rubber_Blue_01_D.uasset" 150
"../../../../Lasalle/2020.5-fall/GameEngineIII/FirstAssignment/PhilipeGo_Assign01/Content/FirstPerson/Character/Materials/MaterialLayers/T_ML_Rubber_Blue_01_N.uasset" 151
"../../../../Lasalle/2020.5-fall/GameEngineIII/FirstAssignment/PhilipeGo_Assign01/Content/FirstPerson/Character/Materials/MaterialLayers/ML_GlossyBlack_Latex_UE4.uasset" 152
"../../../../Lasalle/2020.5-fall/GameEngineIII/FirstAssignment/PhilipeGo_Assign01/Content/FirstPerson/Character/Materials/MaterialLayers/ML_Plastic_Shiny_Beige.uasset" 153
"../../../../Lasalle/2020.5-fall/GameEngineIII/FirstAssignment/PhilipeGo_Assign01/Content/FirstPerson/Character/Materials/MaterialLayers/ML_Plastic_Shiny_Beige_LOGO.uasset" 154
"../../../../Lasalle/2020.5-fall/GameEngineIII/FirstAssignment/PhilipeGo_Assign01/Content/FirstPerson/Character/Materials/MaterialLayers/T_ML_Aluminum01.uasset" 155
"../../../../Lasalle/2020.5-fall/GameEngineIII/FirstAssignment/PhilipeGo_Assign01/Content/FirstPerson/Character/Materials/MaterialLayers/T_ML_Aluminum01_N.uasset" 156
"../../../../Lasalle/2020.5-fall/GameEngineIII/FirstAssignment/PhilipeGo_Assign01/Content/FirstPerson/Character/Materials/MaterialLayers/ML_SoftMetal_UE4.uasset" 157
"../../../../Lasalle/2020.5-fall/GameEngineIII/FirstAssignment/PhilipeGo_Assign01/Content/FirstPerson/Character/Textures/UE4_Mannequin__normals.uasset" 158
"../../../../Lasalle/2020.5-fall/GameEngineIII/FirstAssignment/PhilipeGo_Assign01/Content/FirstPerson/Character/Textures/UE4_Mannequin_MAT_MASKA.uasset" 159
"../../../../Lasalle/2020.5-fall/GameEngineIII/FirstAssignment/PhilipeGo_Assign01/Content/FirstPerson/Character/Materials/M_UE4Man_Body.uasset" 160
"../../../../Lasalle/2020.5-fall/GameEngineIII/FirstAssignment/PhilipeGo_Assign01/Content/FirstPerson/Character/Mesh/SK_Mannequin_Arms_PhysicsAsset.uasset" 161
"../../../../Lasalle/2020.5-fall/GameEngineIII/FirstAssignment/PhilipeGo_Assign01/Content/FirstPerson/Character/Mesh/SK_Mannequin_Arms.uasset" 162
"../../../../Lasalle/2020.5-fall/GameEngineIII/FirstAssignment/PhilipeGo_Assign01/Content/BluePrints/BP_Player.uasset" 163
"../../../../Lasalle/2020.5-fall/GameEngineIII/FirstAssignment/PhilipeGo_Assign01/Content/FirstPersonBP/Blueprints/BP_Player.uasset" 164
"../../../../Lasalle/2020.5-fall/GameEngineIII/FirstAssignment/PhilipeGo_Assign01/Content/FirstPersonBP/Blueprints/FirstPersonCharacter.uasset" 165
"../../../Engine/Content/Functions/Engine_MaterialFunctions02/Texturing/CustomRotator.uasset" 166
"../../../../Lasalle/2020.5-fall/GameEngineIII/FirstAssignment/PhilipeGo_Assign01/Content/Textures/T_Floor_N.uasset" 167
"../../../../Lasalle/2020.5-fall/GameEngineIII/FirstAssignment/PhilipeGo_Assign01/Content/Textures/TexturesCom_MarbleTiles0174_2_M.uasset" 168
"../../../../Lasalle/2020.5-fall/GameEngineIII/FirstAssignment/PhilipeGo_Assign01/Content/Materials/M_MainFloor.uasset" 169
"../../../../Lasalle/2020.5-fall/GameEngineIII/FirstAssignment/PhilipeGo_Assign01/Content/Scenario/SM_Floor.uasset" 170
"../../../../Lasalle/2020.5-fall/GameEngineIII/FirstAssignment/PhilipeGo_Assign01/Content/Geometry/Meshes/TemplateFloor.uasset" 171
"../../../../Lasalle/2020.5-fall/GameEngineIII/FirstAssignment/PhilipeGo_Assign01/Content/Props/Vegetation/SM_WallGrass.uasset" 172
"../../../../Lasalle/2020.5-fall/GameEngineIII/FirstAssignment/PhilipeGo_Assign01/Content/Props/Vegetation/Leaf_14.uasset" 173
"../../../../Lasalle/2020.5-fall/GameEngineIII/FirstAssignment/PhilipeGo_Assign01/Content/Props/Leaf_14.uasset" 174
"../../../../Lasalle/2020.5-fall/GameEngineIII/FirstAssignment/PhilipeGo_Assign01/Content/Props/Vegetation/T_WallGrass_A.uasset" 175
"../../../../Lasalle/2020.5-fall/GameEngineIII/FirstAssignment/PhilipeGo_Assign01/Content/Props/Vegetation/T_WallGrass_AO.uasset" 176
"../../../../Lasalle/2020.5-fall/GameEngineIII/FirstAssignment/PhilipeGo_Assign01/Content/Props/Vegetation/T_WallGrass_CAV.uasset" 177
"../../../../Lasalle/2020.5-fall/GameEngineIII/FirstAssignment/PhilipeGo_Assign01/Content/Props/Vegetation/T_WallGrass_N.uasset" 178
"../../../../Lasalle/2020.5-fall/GameEngineIII/FirstAssignment/PhilipeGo_Assign01/Content/Props/Vegetation/T_WallGrass_R.uasset" 179
"../../../../Lasalle/2020.5-fall/GameEngineIII/FirstAssignment/PhilipeGo_Assign01/Content/Props/Vegetation/T_WallGrass_S.uasset" 180
"../../../../Lasalle/2020.5-fall/GameEngineIII/FirstAssignment/PhilipeGo_Assign01/Content/Props/Vegetation/M_WallGrass.uasset" 181
"../../../../Lasalle/2020.5-fall/GameEngineIII/FirstAssignment/PhilipeGo_Assign01/Content/Props/Vegetation/NewMaterial.uasset" 182
"../../../../Lasalle/2020.5-fall/GameEngineIII/FirstAssignment/PhilipeGo_Assign01/Content/Props/NewMaterial.uasset" 183
"../../../../Lasalle/2020.5-fall/GameEngineIII/FirstAssignment/PhilipeGo_Assign01/Content/Props/EnemyGun/M_Rifle6.uasset" 184
"../../../../Lasalle/2020.5-fall/GameEngineIII/FirstAssignment/PhilipeGo_Assign01/Content/Props/EnemyGun/phong6.uasset" 185
"../../../../Lasalle/2020.5-fall/GameEngineIII/FirstAssignment/PhilipeGo_Assign01/Content/Props/HandGun/T_HandGun_O.uasset" 186
"../../../../Lasalle/2020.5-fall/GameEngineIII/FirstAssignment/PhilipeGo_Assign01/Content/Props/Planks/T_Roof_A.uasset" 187
"../../../../Lasalle/2020.5-fall/GameEngineIII/FirstAssignment/PhilipeGo_Assign01/Content/Props/Planks/T_Roof_AO.uasset" 188
"../../../../Lasalle/2020.5-fall/GameEngineIII/FirstAssignment/PhilipeGo_Assign01/Content/Props/Planks/T_Roof_M.uasset" 189
"../../../../Lasalle/2020.5-fall/GameEngineIII/FirstAssignment/PhilipeGo_Assign01/Content/Props/Planks/T_Roof_N.uasset" 190
"../../../../Lasalle/2020.5-fall/GameEngineIII/FirstAssignment/PhilipeGo_Assign01/Content/Props/Planks/T_Roof_R.uasset" 191
"../../../../Lasalle/2020.5-fall/GameEngineIII/FirstAssignment/PhilipeGo_Assign01/Content/Props/Planks/M_Roof.uasset" 192
"../../../../Lasalle/2020.5-fall/GameEngineIII/FirstAssignment/PhilipeGo_Assign01/Content/Props/Planks/T_BrokenPlank_A.uasset" 193
"../../../../Lasalle/2020.5-fall/GameEngineIII/FirstAssignment/PhilipeGo_Assign01/Content/Props/Planks/T_BrokenPlank_N.uasset" 194
"../../../../Lasalle/2020.5-fall/GameEngineIII/FirstAssignment/PhilipeGo_Assign01/Content/Props/Planks/T_BrokenPlank_R.uasset" 195
"../../../../Lasalle/2020.5-fall/GameEngineIII/FirstAssignment/PhilipeGo_Assign01/Content/Props/Planks/M_BrokenPlank.uasset" 196
"../../../../Lasalle/2020.5-fall/GameEngineIII/FirstAssignment/PhilipeGo_Assign01/Content/Props/Planks/SM_BrokenPlank.uasset" 197
"../../../../Lasalle/2020.5-fall/GameEngineIII/FirstAssignment/PhilipeGo_Assign01/Content/Props/Vegetation/T_WallGrass_C.uasset" 198
"../../../Engine/Content/Functions/Engine_MaterialFunctions02/SmoothStep.uasset" 199
"../../../../Lasalle/2020.5-fall/GameEngineIII/FirstAssignment/PhilipeGo_Assign01/Content/StarterContent/Textures/T_Concrete_Panels_D.uasset" 200
"../../../../Lasalle/2020.5-fall/GameEngineIII/FirstAssignment/PhilipeGo_Assign01/Content/StarterContent/Textures/T_Concrete_Panels_N.uasset" 201
"../../../../Lasalle/2020.5-fall/GameEngineIII/FirstAssignment/PhilipeGo_Assign01/Content/Textures/T_Wall_N.uasset" 202
"../../../../Lasalle/2020.5-fall/GameEngineIII/FirstAssignment/PhilipeGo_Assign01/Content/Textures/T_WallMiddle.uasset" 203
"../../../../Lasalle/2020.5-fall/GameEngineIII/FirstAssignment/PhilipeGo_Assign01/Content/Textures/T_WallTop.uasset" 204
"../../../../Lasalle/2020.5-fall/GameEngineIII/FirstAssignment/PhilipeGo_Assign01/Content/Materials/M_Wall.uasset" 205
"../../../../Lasalle/2020.5-fall/GameEngineIII/FirstAssignment/PhilipeGo_Assign01/Content/Scenario/M_Wall.uasset" 206
"../../../../Lasalle/2020.5-fall/GameEngineIII/FirstAssignment/PhilipeGo_Assign01/Content/StarterContent/Materials/M_Basic_Wall.uasset" 207
"../../../../Lasalle/2020.5-fall/GameEngineIII/FirstAssignment/PhilipeGo_Assign01/Content/StarterContent/Architecture/Pillar_50x500.uasset" 208
"../../../../Lasalle/2020.5-fall/GameEngineIII/FirstAssignment/PhilipeGo_Assign01/Content/StarterContent/Architecture/Wall_400x300.uasset" 209
"../../../../Lasalle/2020.5-fall/GameEngineIII/FirstAssignment/PhilipeGo_Assign01/Content/StarterContent/Architecture/Wall_400x400.uasset" 210
"../../../../Lasalle/2020.5-fall/GameEngineIII/FirstAssignment/PhilipeGo_Assign01/Content/StarterContent/Architecture/Wall_500x500.uasset" 211
"../../../../Lasalle/2020.5-fall/GameEngineIII/FirstAssignment/PhilipeGo_Assign01/Content/StarterContent/Architecture/Wall_Door_400x400.uasset" 212
"../../../../Lasalle/2020.5-fall/GameEngineIII/FirstAssignment/PhilipeGo_Assign01/Content/StarterContent/Architecture/Wall_Window_400x400.uasset" 213
"../../../../Lasalle/2020.5-fall/GameEngineIII/FirstAssignment/PhilipeGo_Assign01/Content/StarterContent/Audio/Collapse02.uasset" 214
"../../../../Lasalle/2020.5-fall/GameEngineIII/FirstAssignment/PhilipeGo_Assign01/Content/StarterContent/Audio/Explosion01.uasset" 215
"../../../../Lasalle/2020.5-fall/GameEngineIII/FirstAssignment/PhilipeGo_Assign01/Content/StarterContent/Audio/Explosion02.uasset" 216
"../../../../Lasalle/2020.5-fall/GameEngineIII/FirstAssignment/PhilipeGo_Assign01/Content/StarterContent/Audio/Fire01.uasset" 217
"../../../../Lasalle/2020.5-fall/GameEngineIII/FirstAssignment/PhilipeGo_Assign01/Content/StarterContent/Audio/Fire_Sparks01.uasset" 218
"../../../../Lasalle/2020.5-fall/GameEngineIII/FirstAssignment/PhilipeGo_Assign01/Content/StarterContent/Audio/Light01.uasset" 219
"../../../../Lasalle/2020.5-fall/GameEngineIII/FirstAssignment/PhilipeGo_Assign01/Content/StarterContent/Audio/Light01_Cue.uasset" 220
"../../../../Lasalle/2020.5-fall/GameEngineIII/FirstAssignment/PhilipeGo_Assign01/Content/StarterContent/Audio/Light02.uasset" 221
"../../../../Lasalle/2020.5-fall/GameEngineIII/FirstAssignment/PhilipeGo_Assign01/Content/StarterContent/Audio/Light02_Cue.uasset" 222
"../../../../Lasalle/2020.5-fall/GameEngineIII/FirstAssignment/PhilipeGo_Assign01/Content/StarterContent/Audio/Smoke01.uasset" 223
"../../../../Lasalle/2020.5-fall/GameEngineIII/FirstAssignment/PhilipeGo_Assign01/Content/StarterContent/Audio/Starter_Birds01.uasset" 224
"../../../../Lasalle/2020.5-fall/GameEngineIII/FirstAssignment/PhilipeGo_Assign01/Content/StarterContent/Audio/Starter_Music01.uasset" 225
"../../../../Lasalle/2020.5-fall/GameEngineIII/FirstAssignment/PhilipeGo_Assign01/Content/StarterContent/Audio/Starter_Wind05.uasset" 226
"../../../../Lasalle/2020.5-fall/GameEngineIII/FirstAssignment/PhilipeGo_Assign01/Content/StarterContent/Audio/Starter_Wind06.uasset" 227
"../../../../Lasalle/2020.5-fall/GameEngineIII/FirstAssignment/PhilipeGo_Assign01/Content/StarterContent/Audio/Steam01.uasset" 228
"../../../../Lasalle/2020.5-fall/GameEngineIII/FirstAssignment/PhilipeGo_Assign01/Content/StarterContent/Audio/Explosion_Cue.uasset" 229
"../../../../Lasalle/2020.5-fall/GameEngineIII/FirstAssignment/PhilipeGo_Assign01/Content/StarterContent/Textures/T_Burst_M.uasset" 230
"../../../../Lasalle/2020.5-fall/GameEngineIII/FirstAssignment/PhilipeGo_Assign01/Content/StarterContent/Particles/Materials/M_Burst.uasset" 231
"../../../../Lasalle/2020.5-fall/GameEngineIII/FirstAssignment/PhilipeGo_Assign01/Content/StarterContent/Textures/T_Explosion_SubUV.uasset" 232
"../../../../Lasalle/2020.5-fall/GameEngineIII/FirstAssignment/PhilipeGo_Assign01/Content/StarterContent/Particles/Materials/M_explosion_subUV.uasset" 233
"../../../../Lasalle/2020.5-fall/GameEngineIII/FirstAssignment/PhilipeGo_Assign01/Content/StarterContent/Particles/Materials/m_flare_01.uasset" 234
"../../../Engine/Content/Functions/Engine_MaterialFunctions01/Gradient/RadialGradient.uasset" 235
"../../../../Lasalle/2020.5-fall/GameEngineIII/FirstAssignment/PhilipeGo_Assign01/Content/StarterContent/Particles/Materials/M_radial_ramp.uasset" 236
"../../../../Lasalle/2020.5-fall/GameEngineIII/FirstAssignment/PhilipeGo_Assign01/Content/StarterContent/Textures/T_Smoke_SubUV.uasset" 237
"../../../../Lasalle/2020.5-fall/GameEngineIII/FirstAssignment/PhilipeGo_Assign01/Content/StarterContent/Textures/T_Smoke_Tiled_D.uasset" 238
"../../../../Lasalle/2020.5-fall/GameEngineIII/FirstAssignment/PhilipeGo_Assign01/Content/StarterContent/Particles/Materials/M_smoke_subUV.uasset" 239
"../../../../Lasalle/2020.5-fall/GameEngineIII/FirstAssignment/PhilipeGo_Assign01/Content/StarterContent/Particles/P_Explosion.uasset" 240
"../../../../Lasalle/2020.5-fall/GameEngineIII/FirstAssignment/PhilipeGo_Assign01/Content/StarterContent/Blueprints/Blueprint_Effect_Explosion.uasset" 241
"../../../Engine/Content/EditorMeshes/ColorCalibrator/T_ColorGrid.uasset" 242
"../../../../Lasalle/2020.5-fall/GameEngineIII/FirstAssignment/PhilipeGo_Assign01/Content/StarterContent/Materials/M_ColorGrid_LowSpec.uasset" 243
"../../../../Lasalle/2020.5-fall/GameEngineIII/FirstAssignment/PhilipeGo_Assign01/Content/StarterContent/Textures/T_Bush_D.uasset" 244
"../../../../Lasalle/2020.5-fall/GameEngineIII/FirstAssignment/PhilipeGo_Assign01/Content/StarterContent/Textures/T_Bush_N.uasset" 245
"../../../../Lasalle/2020.5-fall/GameEngineIII/FirstAssignment/PhilipeGo_Assign01/Content/StarterContent/Props/Materials/M_Bush.uasset" 246
"../../../../Lasalle/2020.5-fall/GameEngineIII/FirstAssignment/PhilipeGo_Assign01/Content/StarterContent/Props/SM_Bush.uasset" 247
"../../../../Lasalle/2020.5-fall/GameEngineIII/FirstAssignment/PhilipeGo_Assign01/Content/StarterContent/Textures/T_Chair_M.uasset" 248
"../../../../Lasalle/2020.5-fall/GameEngineIII/FirstAssignment/PhilipeGo_Assign01/Content/StarterContent/Textures/T_Chair_N.uasset" 249
"../../../../Lasalle/2020.5-fall/GameEngineIII/FirstAssignment/PhilipeGo_Assign01/Content/StarterContent/Props/Materials/M_Chair.uasset" 250
"../../../../Lasalle/2020.5-fall/GameEngineIII/FirstAssignment/PhilipeGo_Assign01/Content/StarterContent/Props/SM_Couch.uasset" 251
"../../../../Lasalle/2020.5-fall/GameEngineIII/FirstAssignment/PhilipeGo_Assign01/Content/StarterContent/Materials/M_Glass.uasset" 252
"../../../../Lasalle/2020.5-fall/GameEngineIII/FirstAssignment/PhilipeGo_Assign01/Content/StarterContent/Textures/T_Door_M.uasset" 253
"../../../../Lasalle/2020.5-fall/GameEngineIII/FirstAssignment/PhilipeGo_Assign01/Content/StarterContent/Textures/T_Door_N.uasset" 254
"../../../../Lasalle/2020.5-fall/GameEngineIII/FirstAssignment/PhilipeGo_Assign01/Content/StarterContent/Props/Materials/M_Door.uasset" 255
"../../../../Lasalle/2020.5-fall/GameEngineIII/FirstAssignment/PhilipeGo_Assign01/Content/StarterContent/Props/SM_Door.uasset" 256
"../../../../Lasalle/2020.5-fall/GameEngineIII/FirstAssignment/PhilipeGo_Assign01/Content/StarterContent/Props/Materials/M_MaterialSphere.uasset" 257
"../../../../Lasalle/2020.5-fall/GameEngineIII/FirstAssignment/PhilipeGo_Assign01/Content/StarterContent/Props/Materials/M_MaterialSphere_Plain.uasset" 258
"../../../../Lasalle/2020.5-fall/GameEngineIII/FirstAssignment/PhilipeGo_Assign01/Content/StarterContent/Props/SM_MatPreviewMesh_02.uasset" 259
"../../../../Lasalle/2020.5-fall/GameEngineIII/FirstAssignment/PhilipeGo_Assign01/Content/StarterContent/Textures/T_Detail_Rocky_N.uasset" 260
"../../../../Lasalle/2020.5-fall/GameEngineIII/FirstAssignment/PhilipeGo_Assign01/Content/StarterContent/Textures/T_Rock_Basalt_D.uasset" 261
"../../../../Lasalle/2020.5-fall/GameEngineIII/FirstAssignment/PhilipeGo_Assign01/Content/StarterContent/Textures/T_RockMesh_M.uasset" 262
"../../../../Lasalle/2020.5-fall/GameEngineIII/FirstAssignment/PhilipeGo_Assign01/Content/StarterContent/Textures/T_RockMesh_N.uasset" 263
"../../../../Lasalle/2020.5-fall/GameEngineIII/FirstAssignment/PhilipeGo_Assign01/Content/StarterContent/Props/Materials/M_Rock.uasset" 264
"../../../../Lasalle/2020.5-fall/GameEngineIII/FirstAssignment/PhilipeGo_Assign01/Content/StarterContent/Props/SM_Rock.uasset" 265
"../../../../Lasalle/2020.5-fall/GameEngineIII/FirstAssignment/PhilipeGo_Assign01/Content/StarterContent/Textures/T_Shelf_M.uasset" 266
"../../../../Lasalle/2020.5-fall/GameEngineIII/FirstAssignment/PhilipeGo_Assign01/Content/StarterContent/Textures/T_Shelf_N.uasset" 267
"../../../../Lasalle/2020.5-fall/GameEngineIII/FirstAssignment/PhilipeGo_Assign01/Content/StarterContent/Props/Materials/M_Shelf.uasset" 268
"../../../../Lasalle/2020.5-fall/GameEngineIII/FirstAssignment/PhilipeGo_Assign01/Content/StarterContent/Props/SM_Shelf.uasset" 269
"../../../../Lasalle/2020.5-fall/GameEngineIII/FirstAssignment/PhilipeGo_Assign01/Content/StarterContent/Materials/M_Basic_Floor.uasset" 270
"../../../../Lasalle/2020.5-fall/GameEngineIII/FirstAssignment/PhilipeGo_Assign01/Content/StarterContent/Props/SM_Stairs.uasset" 271
"../../../../Lasalle/2020.5-fall/GameEngineIII/FirstAssignment/PhilipeGo_Assign01/Content/StarterContent/Shapes/Shape_Cone.uasset" 272
"../../../../Lasalle/2020.5-fall/GameEngineIII/FirstAssignment/PhilipeGo_Assign01/Content/StarterContent/Shapes/Shape_Cylinder.uasset" 273
"../../../../Lasalle/2020.5-fall/GameEngineIII/FirstAssignment/PhilipeGo_Assign01/Content/StarterContent/Shapes/Shape_NarrowCapsule.uasset" 274
"../../../../Lasalle/2020.5-fall/GameEngineIII/FirstAssignment/PhilipeGo_Assign01/Content/StarterContent/Shapes/Shape_Pipe.uasset" 275
"../../../../Lasalle/2020.5-fall/GameEngineIII/FirstAssignment/PhilipeGo_Assign01/Content/StarterContent/Shapes/Shape_Pipe_180.uasset" 276
"../../../../Lasalle/2020.5-fall/GameEngineIII/FirstAssignment/PhilipeGo_Assign01/Content/StarterContent/Shapes/Shape_Pipe_90.uasset" 277
"../../../../Lasalle/2020.5-fall/GameEngineIII/FirstAssignment/PhilipeGo_Assign01/Content/StarterContent/Shapes/Shape_Plane.uasset" 278
"../../../../Lasalle/2020.5-fall/GameEngineIII/FirstAssignment/PhilipeGo_Assign01/Content/StarterContent/Shapes/Shape_Torus.uasset" 279
"../../../../Lasalle/2020.5-fall/GameEngineIII/FirstAssignment/PhilipeGo_Assign01/Content/StarterContent/Shapes/Shape_Trim.uasset" 280
"../../../../Lasalle/2020.5-fall/GameEngineIII/FirstAssignment/PhilipeGo_Assign01/Content/StarterContent/Shapes/Shape_Trim_90_In.uasset" 281
"../../../../Lasalle/2020.5-fall/GameEngineIII/FirstAssignment/PhilipeGo_Assign01/Content/StarterContent/Shapes/Shape_Trim_90_Out.uasset" 282
"../../../../Lasalle/2020.5-fall/GameEngineIII/FirstAssignment/PhilipeGo_Assign01/Content/StarterContent/Shapes/Shape_TriPyramid.uasset" 283
"../../../../Lasalle/2020.5-fall/GameEngineIII/FirstAssignment/PhilipeGo_Assign01/Content/StarterContent/Shapes/Shape_Tube.uasset" 284
"../../../../Lasalle/2020.5-fall/GameEngineIII/FirstAssignment/PhilipeGo_Assign01/Content/StarterContent/Shapes/Shape_Wedge_A.uasset" 285
"../../../../Lasalle/2020.5-fall/GameEngineIII/FirstAssignment/PhilipeGo_Assign01/Content/StarterContent/Shapes/Shape_Wedge_B.uasset" 286
"../../../../Lasalle/2020.5-fall/GameEngineIII/FirstAssignment/PhilipeGo_Assign01/Content/StarterContent/Shapes/Shape_WideCapsule.uasset" 287
"../../../../Lasalle/2020.5-fall/GameEngineIII/FirstAssignment/PhilipeGo_Assign01/Content/Textures/TexturesCom_MarbleOther0093_1_S.uasset" 288
"../../../../Lasalle/2020.5-fall/GameEngineIII/FirstAssignment/PhilipeGo_Assign01/Content/Textures/TexturesCom_MarbleTiles0148_4_seamless_S.uasset" 289
"../../../../Lasalle/2020.5-fall/GameEngineIII/FirstAssignment/PhilipeGo_Assign01/Content/Textures/T_Floor_R.uasset" 290
"../../../../Lasalle/2020.5-fall/GameEngineIII/FirstAssignment/PhilipeGo_Assign01/Content/Textures/T_ForceField2.uasset" 291
"../../../../Lasalle/2020.5-fall/GameEngineIII/FirstAssignment/PhilipeGo_Assign01/Content/Textures/T_ForceField4.uasset" 292
"../../../../Lasalle/2020.5-fall/GameEngineIII/FirstAssignment/PhilipeGo_Assign01/Content/Textures/T_WallDecal4.uasset" 293
"../../../../Lasalle/2020.5-fall/GameEngineIII/FirstAssignment/PhilipeGo_Assign01/Content/Textures/T_Wall_A.uasset" 294
"../../../../Lasalle/2020.5-fall/GameEngineIII/FirstAssignment/PhilipeGo_Assign01/Content/Textures/T_Wall_AO.uasset" 295
"../../../../Lasalle/2020.5-fall/GameEngineIII/FirstAssignment/PhilipeGo_Assign01/Content/Textures/T_Wall_H.uasset" 296
"../../../../Lasalle/2020.5-fall/GameEngineIII/FirstAssignment/PhilipeGo_Assign01/Content/Textures/T_Wall_R.uasset" 297
"../../../Engine/Content/Animation/DefaultAnimCurveCompressionSettings.uasset" 298
"../../../Engine/Content/ArtTools/RenderToTexture/Meshes/S_1_Unit_Plane.uasset" 299
"../../../Engine/Content/EngineMaterials/DefaultMaterial.uasset" 300
"../../../Engine/Content/BasicShapes/Cone.uasset" 301
"../../../Engine/Content/BasicShapes/Cylinder.uasset" 302
"../../../Engine/Content/BasicShapes/Plane.uasset" 303
"../../../Engine/Content/EditorLandscapeResources/DataLayer.uasset" 304
"../../../Engine/Content/EditorMaterials/MAT_Groups_Toggle.uasset" 305
"../../../Engine/Content/EditorMaterials/MAT_Groups_Visibility.uasset" 306
"../../../Engine/Content/EditorMaterials/PreviewShadowIndicator.uasset" 307
"../../../Engine/Content/EditorMaterials/PreviewShadowIndicatorMaterial.uasset" 308
"../../../Engine/Content/EditorMaterials/MatineeGroups/MAT_ColorTrack.uasset" 309
"../../../Engine/Content/EditorMaterials/MatineeGroups/MAT_Groups_Anim.uasset" 310
"../../../Engine/Content/EditorMaterials/MatineeGroups/MAT_Groups_AudioMaster.uasset" 311
"../../../Engine/Content/EditorMaterials/MatineeGroups/MAT_Groups_Director.uasset" 312
"../../../Engine/Content/EditorMaterials/MatineeGroups/MAT_Groups_Event.uasset" 313
"../../../Engine/Content/EditorMaterials/MatineeGroups/MAT_Groups_Fade.uasset" 314
"../../../Engine/Content/EditorMaterials/MatineeGroups/MAT_Groups_Float.uasset" 315
"../../../Engine/Content/EditorMaterials/MatineeGroups/MAT_Groups_Move.uasset" 316
"../../../Engine/Content/EditorMaterials/MatineeGroups/MAT_Groups_Slomo.uasset" 317
"../../../Engine/Content/EditorMaterials/MatineeGroups/MAT_Groups_Sound.uasset" 318
"../../../Engine/Content/EditorMaterials/MatineeGroups/MAT_Groups_Vector.uasset" 319
"../../../Engine/Content/EditorMaterials/ParticleSystems/PSysThumbnail_NoImage.uasset" 320
"../../../Engine/Content/EditorMaterials/ParticleSystems/PSysThumbnail_OOD.uasset" 321
"../../../Engine/Content/EditorMaterials/Camera/CineMat.uasset" 322
"../../../Engine/Content/EditorMaterials/Camera/MI_CineMat_Rig.uasset" 323
"../../../Engine/Content/EditorMeshes/Camera/SM_CraneRig_Arm.uasset" 324
"../../../Engine/Content/EditorMeshes/Camera/SM_CraneRig_Base.uasset" 325
"../../../Engine/Content/EditorMeshes/Camera/SM_CraneRig_Body.uasset" 326
"../../../Engine/Content/EditorMeshes/Camera/SM_CraneRig_Mount.uasset" 327
"../../../Engine/Content/EditorMeshes/Camera/SM_RailRig_Mount.uasset" 328
"../../../Engine/Content/EditorMeshes/Camera/SM_RailRig_Track.uasset" 329
"../../../Engine/Content/EditorResources/BSPVertex.uasset" 330
"../../../Engine/Content/EditorResources/EmptyActor.uasset" 331
"../../../Engine/Content/EditorResources/S_Actor.uasset" 332
"../../../Engine/Content/EditorResources/S_Note.uasset" 333
"../../../Engine/Content/EditorResources/S_Solver.uasset" 334
"../../../Engine/Content/EditorResources/S_Trigger.uasset" 335
"../../../Engine/Content/EditorResources/AudioIcons/S_AudioComponent.uasset" 336
"../../../Engine/Content/EditorResources/AudioIcons/S_AudioComponent_AutoActivate.uasset" 337
"../../../Engine/Content/EditorResources/LightIcons/S_LightError.uasset" 338
"../../../Engine/Content/EditorResources/SequenceRecorder/Countdown.uasset" 339
"../../../Engine/Content/EditorResources/SequenceRecorder/RecordingIndicator.uasset" 340
"../../../Engine/Content/EditorSounds/Notifications/CompileFailed.uasset" 341
"../../../Engine/Content/EditorSounds/Notifications/CompileFailed_Cue.uasset" 342
"../../../Engine/Content/EditorSounds/Notifications/CompileSuccess.uasset" 343
"../../../Engine/Content/EditorSounds/Notifications/CompileStart_Cue.uasset" 344
"../../../Engine/Content/EditorSounds/Notifications/CompileSuccess_Cue.uasset" 345
"../../../Engine/Content/EngineDamageTypes/DmgTypeBP_Environmental.uasset" 346
"../../../Engine/Content/EngineDebugMaterials/DebugEditorMaterial.uasset" 347
"../../../Engine/Content/EngineDebugMaterials/DebugMeshMaterial.uasset" 348
"../../../Engine/Content/EngineDebugMaterials/M_SimpleUnlitTranslucent.uasset" 349
"../../../Engine/Content/Functions/Engine_MaterialFunctions02/Utility/CameraDirectionVector.uasset" 350
"../../../Engine/Content/EngineDebugMaterials/VolumeToRender.uasset" 351
"../../../Engine/Content/EngineDebugMaterials/M_VolumeRenderSphereTracePP.uasset" 352
"../../../Engine/Content/EngineDebugMaterials/WireframeMaterial.uasset" 353
"../../../Engine/Content/EngineFonts/Faces/DroidSansFallback.uasset" 354
"../../../Engine/Content/EngineFonts/Faces/RobotoBold.uasset" 355
"../../../Engine/Content/EngineFonts/Faces/RobotoBoldItalic.uasset" 356
"../../../Engine/Content/EngineFonts/Faces/RobotoItalic.uasset" 357
"../../../Engine/Content/EngineFonts/Faces/RobotoLight.uasset" 358
"../../../Engine/Content/EngineFonts/Faces/RobotoRegular.uasset" 359
"../../../Engine/Content/EngineFonts/Roboto.uasset" 360
"../../../Engine/Content/EngineMaterials/BaseFlattenDiffuseMap.uasset" 361
"../../../Engine/Content/EngineMaterials/BaseFlattenEmissiveMap.uasset" 362
"../../../Engine/Content/EngineMaterials/BaseFlattenGrayscaleMap.uasset" 363
"../../../Engine/Content/EngineMaterials/BaseFlattenNormalMap.uasset" 364
"../../../Engine/Content/EngineMaterials/BaseFlattenMaterial.uasset" 365
"../../../Engine/Content/EngineMaterials/BlueNoise.uasset" 366
"../../../Engine/Content/EngineMaterials/DefaultBloomKernel.uasset" 367
"../../../Engine/Content/EngineMaterials/DefaultBokeh.uasset" 368
"../../../Engine/Content/EngineMaterials/DefaultDiffuse.uasset" 369
"../../../Engine/Content/EngineMaterials/DefaultDeferredDecalMaterial.uasset" 370
"../../../Engine/Content/EngineMaterials/DefaultLightFunctionMaterial.uasset" 371
"../../../Engine/Content/EngineMaterials/DefaultPhysicalMaterial.uasset" 372
"../../../Engine/Content/Functions/Engine_MaterialFunctions02/Utility/BreakOutFloat2Components.uasset" 373
"../../../Engine/Content/EngineMaterials/DefaultPostProcessMaterial.uasset" 374
"../../../Engine/Content/EngineFonts/RobotoDistanceField.uasset" 375
"../../../Engine/Content/EngineMaterials/DefaultTextMaterialOpaque.uasset" 376
"../../../Engine/Content/EngineMaterials/DefaultWhiteGrid.uasset" 377
"../../../Engine/Content/EngineMaterials/DefaultWhiteGrid_Low.uasset" 378
"../../../Engine/Content/EngineMaterials/EmissiveMeshMaterial.uasset" 379
"../../../Engine/Content/EngineMaterials/GizmoMaterial.uasset" 380
"../../../Engine/Content/EngineMaterials/Good64x64TilingNoiseHighFreq.uasset" 381
"../../../Engine/Content/EngineMaterials/MiniFont.uasset" 382
"../../../Engine/Content/EngineMaterials/InvalidLightmapSettings.uasset" 383
"../../../Engine/Content/EngineMaterials/M_InvalidLightmapSettings.uasset" 384
"../../../Engine/Content/Functions/Engine_MaterialFunctions02/WorldPositionOffset/CameraOffset.uasset" 385
"../../../Engine/Content/EngineMaterials/PhAT_JointLimitMaterial.uasset" 386
"../../../Engine/Content/EngineMaterials/PreintegratedSkinBRDF.uasset" 387
"../../../Engine/Content/EngineMaterials/RemoveSurfaceMaterial.uasset" 388
"../../../Engine/Content/EngineMaterials/WeightMapPlaceholderTexture.uasset" 389
"../../../Engine/Content/EngineResources/WhiteSquareTexture.uasset" 390
"../../../Engine/Content/EngineMaterials/Widget3DPassThrough.uasset" 391
"../../../Engine/Content/EngineMaterials/Widget3DPassThrough_Masked.uasset" 392
"../../../Engine/Content/EngineMaterials/Widget3DPassThrough_Opaque.uasset" 393
"../../../Engine/Content/EngineMaterials/Widget3DPassThrough_Masked_OneSided.uasset" 394
"../../../Engine/Content/EngineMaterials/Widget3DPassThrough_Opaque_OneSided.uasset" 395
"../../../Engine/Content/EngineMaterials/Widget3DPassThrough_Translucent.uasset" 396
"../../../Engine/Content/EngineMaterials/Widget3DPassThrough_Translucent_OneSided.uasset" 397
"../../../Engine/Content/EngineMeshes/Cube.uasset" 398
"../../../Engine/Content/EngineMeshes/Cylinder.uasset" 399
"../../../Engine/Content/EngineMeshes/Sphere.uasset" 400
"../../../Engine/Content/EngineResources/Black.uasset" 401
"../../../Engine/Content/EngineResources/DefaultTexture.uasset" 402
"../../../Engine/Content/EngineResources/DefaultTextureCube.uasset" 403
"../../../Engine/Content/EngineResources/DefaultVolumeTexture2D.uasset" 404
"../../../Engine/Content/EngineResources/DefaultVolumeTexture.uasset" 405
"../../../Engine/Content/EngineResources/GradientTexture0.uasset" 406
"../../../Engine/Content/EngineSounds/Master.uasset" 407
"../../../Engine/Content/Functions/Engine_MaterialFunctions01/Shading/ConvertFromDiffSpec.uasset" 408
"../../../Engine/Content/Functions/Engine_MaterialFunctions01/Shading/PowerToRoughness.uasset" 409
"../../../Engine/Content/Maps/Templates/Thumbnails/Default.uasset" 410
"../../../Engine/Content/Maps/Templates/Thumbnails/TimeOfDay.uasset" 411
"../../../Engine/Content/Maps/Templates/Thumbnails/VR-Basic.uasset" 412
"../../../Engine/Content/MobileResources/T_MobileControls_texture.uasset" 413
"../../../Engine/Content/MobileResources/T_MobileMenu2.uasset" 414
"../../../Engine/Content/MobileResources/HUD/AnalogHat.uasset" 415
"../../../Engine/Content/MobileResources/HUD/VirtualJoystick_Background.uasset" 416
"../../../Engine/Content/MobileResources/HUD/VirtualJoystick_Thumb.uasset" 417
"../../../Engine/Content/MobileResources/HUD/DefaultVirtualJoysticks.uasset" 418
"../../../Engine/Content/MobileResources/HUD/LeftVirtualJoystickOnly.uasset" 419
"../../../Engine/Content/MobileResources/HUD/MobileHUDButton1_off.uasset" 420
"../../../Engine/Content/MobileResources/HUD/MobileHUDButton1_on.uasset" 421
"../../../Engine/Content/MobileResources/HUD/MobileHUDButton2_off.uasset" 422
"../../../Engine/Content/MobileResources/HUD/MobileHUDButton2_on.uasset" 423
"../../../Engine/Content/MobileResources/HUD/MobileHUDButton3.uasset" 424
"../../../Engine/Content/MobileResources/HUD/MobileHUDButtonFire.uasset" 425
"../../../Engine/Content/MobileResources/HUD/MobileHUDDirectionPad.uasset" 426
"../../../Engine/Content/MobileResources/HUD/MobileHUDDirectionPad2.uasset" 427
"../../../Engine/Content/MobileResources/HUD/MobileHUDDirectionPad3.uasset" 428
"../../../Engine/Content/MobileResources/HUD/MobileHUDDirectionStick.uasset" 429
"../../../Engine/Content/MobileResources/HUD/T_Castle_ThumbstickInner.uasset" 430
"../../../Engine/Content/MobileResources/HUD/T_Castle_ThumbstickOutter.uasset" 431
"../../../Engine/Content/Tutorial/ContentIntroCurve.uasset" 432
"../../../Engine/Content/Tutorial/Basics/LevelEditorAttract.uasset" 433
"../../../Engine/Content/Tutorial/Basics/TutorialAssets/icon_tab_Levels_40x.uasset" 434
"../../../Engine/Content/Tutorial/Basics/LevelEditorOverview.uasset" 435
"../../../Engine/Content/Tutorial/BlueprintTutorials/TutorialAssets/Blueprint_64x.uasset" 436
"../../../Engine/Content/Tutorial/BlueprintTutorials/BlueprintEditorTutorial.uasset" 437
"../../../Engine/Content/Tutorial/SubEditors/GettingSubstance.uasset" 438
"../../../Engine/Content/Tutorial/SubEditors/MaterialEditorTutorial.uasset" 439
"../../../Engine/Content/Tutorial/SubEditors/StaticMeshEditorTutorial.uasset" 440
"../../../Engine/Content/Tutorial/SubEditors/TutorialAssets/TutorialMaterial.uasset" 441
"../../../Engine/Content/VREditor/LaserPointer/VR_LaserPower_01.uasset" 442
"../../../Engine/Content/VREditor/TransformGizmo/TransformGizmoMaterial.uasset" 443
"../../../Engine/Content/VREditor/TransformGizmo/TranslucentTransformGizmoMaterial.uasset" 444
"../../../Engine/Content/VREditor/TransformGizmo/BoundingBoxCorner.uasset" 445
"../../../Engine/Content/VREditor/TransformGizmo/BoundingBoxEdge.uasset" 446
"../../../Engine/Content/VREditor/TransformGizmo/PlaneTranslationHandle.uasset" 447
"../../../Engine/Content/VREditor/TransformGizmo/Main.uasset" 448
"../../../Engine/Content/VREditor/TransformGizmo/Xray.uasset" 449
"../../../Engine/Content/VREditor/TransformGizmo/SM_Sequencer_Key.uasset" 450
"../../../Engine/Content/VREditor/TransformGizmo/SM_Sequencer_Node.uasset" 451
"../../Plugins/2D/Paper2D/Content/PlaceholderTextures/DummySpriteTexture.uasset" 452
"../../Plugins/2D/Paper2D/Content/DummySprite.uasset" 453
"../../Plugins/2D/Paper2D/Content/DefaultPaperTerrainMaterial.uasset" 454
"../../Plugins/2D/Paper2D/Content/DefaultSpriteMaterial.uasset" 455
"../../Plugins/2D/Paper2D/Content/MaskedUnlitSpriteMaterial.uasset" 456
"../../Plugins/2D/Paper2D/Content/OpaqueUnlitSpriteMaterial.uasset" 457
"../../Plugins/FX/Niagara/Content/Enums/ENiagaraBooleanLogicOps.uasset" 458
"../../Plugins/FX/Niagara/Content/Enums/ENiagaraOrientationAxis.uasset" 459
"../../../Engine/Content/Functions/Engine_MaterialFunctions02/Utility/BreakOutFloat4Components.uasset" 460
"../../../Engine/Content/Functions/Engine_MaterialFunctions02/Utility/MakeFloat2.uasset" 461
"../../../Engine/Content/Functions/Engine_MaterialFunctions02/Utility/MakeFloat3.uasset" 462
"../../Plugins/Runtime/Oculus/OculusVR/Content/Materials/OculusMR_ChromaKey.uasset" 463
"../../Plugins/Runtime/Oculus/OculusVR/Content/Materials/OculusMR_ChromaKey_Lit.uasset" 464
"../../Plugins/Runtime/Oculus/OculusVR/Content/Materials/OculusMR_OpaqueColoredMaterial.uasset" 465
"../../Plugins/Runtime/Oculus/OculusVR/Content/Materials/OculusMR_WhiteMaterial.uasset" 466
"../../../Engine/Content/EngineSky/C_Sky_Cloud_Color.uasset" 467
"../../../Engine/Content/EngineSky/C_Sky_Horizon_Color.uasset" 468
"../../../Engine/Content/EngineSky/C_Sky_Zenith_Color.uasset" 469
"../../../Engine/Content/EngineSky/T_Sky_Blue.uasset" 470
"../../../Engine/Content/EngineSky/T_Sky_Clouds_M.uasset" 471
"../../../Engine/Content/EngineSky/T_Sky_Stars.uasset" 472
"../../../Engine/Content/EngineSky/M_Sky_Panning_Clouds2.uasset" 473
"../../../Engine/Content/EngineSky/SM_SkySphere.uasset" 474
"../../../Engine/Content/EngineSky/BP_Sky_Sphere.uasset" 475
"../../../Engine/Content/Animation/DefaultAnimBoneCompressionSettings.uasset" 476
"../../../../Lasalle/2020.5-fall/GameEngineIII/FirstAssignment/PhilipeGo_Assign01/Content/Enemies/SKEL_Enemy.uasset" 477
"../../../../Lasalle/2020.5-fall/GameEngineIII/FirstAssignment/PhilipeGo_Assign01/Content/Animations/A_EnemyAim.uasset" 478
"../../../../Lasalle/2020.5-fall/GameEngineIII/FirstAssignment/PhilipeGo_Assign01/Content/Animations/A_EnemyDie.uasset" 479
"../../../../Lasalle/2020.5-fall/GameEngineIII/FirstAssignment/PhilipeGo_Assign01/Content/Animations/A_EnemyIdle.uasset" 480
"../../Plugins/FX/Niagara/Content/Modules/Emitter/SpawnRate.uasset" 481
"../../../../Lasalle/2020.5-fall/GameEngineIII/FirstAssignment/PhilipeGo_Assign01/Content/VFX/NS_EnemyBlood.uasset" 482
"../../../../Lasalle/2020.5-fall/GameEngineIII/FirstAssignment/PhilipeGo_Assign01/Content/Enemies/T_Enemy_A.uasset" 483
"../../../../Lasalle/2020.5-fall/GameEngineIII/FirstAssignment/PhilipeGo_Assign01/Content/Enemies/T_Enemy_N.uasset" 484
"../../../../Lasalle/2020.5-fall/GameEngineIII/FirstAssignment/PhilipeGo_Assign01/Content/Enemies/T_Enemy_S.uasset" 485
"../../../../Lasalle/2020.5-fall/GameEngineIII/FirstAssignment/PhilipeGo_Assign01/Content/Enemies/M_Enemy.uasset" 486
"../../../../Lasalle/2020.5-fall/GameEngineIII/FirstAssignment/PhilipeGo_Assign01/Content/Enemies/M_EnemyVisor.uasset" 487
"../../../../Lasalle/2020.5-fall/GameEngineIII/FirstAssignment/PhilipeGo_Assign01/Content/Enemies/PHYS_Enemy.uasset" 488
"../../../../Lasalle/2020.5-fall/GameEngineIII/FirstAssignment/PhilipeGo_Assign01/Content/Enemies/SK_Enemy.uasset" 489
"../../../../Lasalle/2020.5-fall/GameEngineIII/FirstAssignment/PhilipeGo_Assign01/Content/Props/EnemyGun/M_Rifle1.uasset" 490
"../../../../Lasalle/2020.5-fall/GameEngineIII/FirstAssignment/PhilipeGo_Assign01/Content/Props/EnemyGun/M_Rifle2.uasset" 491
"../../../../Lasalle/2020.5-fall/GameEngineIII/FirstAssignment/PhilipeGo_Assign01/Content/Props/EnemyGun/M_Rifle3.uasset" 492
"../../../../Lasalle/2020.5-fall/GameEngineIII/FirstAssignment/PhilipeGo_Assign01/Content/Props/EnemyGun/M_Rifle4.uasset" 493
"../../../../Lasalle/2020.5-fall/GameEngineIII/FirstAssignment/PhilipeGo_Assign01/Content/Props/EnemyGun/M_Rifle5.uasset" 494
"../../../../Lasalle/2020.5-fall/GameEngineIII/FirstAssignment/PhilipeGo_Assign01/Content/Props/EnemyGun/PHYS_Rifle.uasset" 495
"../../../../Lasalle/2020.5-fall/GameEngineIII/FirstAssignment/PhilipeGo_Assign01/Content/Props/EnemyGun/SKEL_Rifle.uasset" 496
"../../../../Lasalle/2020.5-fall/GameEngineIII/FirstAssignment/PhilipeGo_Assign01/Content/Props/EnemyGun/SM_Rifle.uasset" 497
"../../../../Lasalle/2020.5-fall/GameEngineIII/FirstAssignment/PhilipeGo_Assign01/Content/BluePrints/BP_Enemy.uasset" 498
"../../../../Lasalle/2020.5-fall/GameEngineIII/FirstAssignment/PhilipeGo_Assign01/Content/Textures/T_ForceField.uasset" 499
"../../../../Lasalle/2020.5-fall/GameEngineIII/FirstAssignment/PhilipeGo_Assign01/Content/Textures/T_ForceField3.uasset" 500
"../../../../Lasalle/2020.5-fall/GameEngineIII/FirstAssignment/PhilipeGo_Assign01/Content/Materials/M_ForceField.uasset" 501
"../../../Engine/Content/BasicShapes/Sphere.uasset" 502
"../../../../Lasalle/2020.5-fall/GameEngineIII/FirstAssignment/PhilipeGo_Assign01/Content/BluePrints/BP_ForceField.uasset" 503
"../../../../Lasalle/2020.5-fall/GameEngineIII/FirstAssignment/PhilipeGo_Assign01/Content/Materials/M_Restarter.uasset" 504
"../../../Engine/Content/BasicShapes/Cube.uasset" 505
"../../../../Lasalle/2020.5-fall/GameEngineIII/FirstAssignment/PhilipeGo_Assign01/Content/BluePrints/BP_GameRestarter.uasset" 506
"../../../../Lasalle/2020.5-fall/GameEngineIII/FirstAssignment/PhilipeGo_Assign01/Content/FirstPerson/Textures/FirstPersonCrosshair.uasset" 507
"../../../../Lasalle/2020.5-fall/GameEngineIII/FirstAssignment/PhilipeGo_Assign01/Content/FirstPersonBP/Blueprints/FirstPersonHUD.uasset" 508
"../../../../Lasalle/2020.5-fall/GameEngineIII/FirstAssignment/PhilipeGo_Assign01/Content/FirstPersonBP/Blueprints/FirstPersonGameMode.uasset" 509
"../../../../Lasalle/2020.5-fall/GameEngineIII/FirstAssignment/PhilipeGo_Assign01/Content/FirstPersonBP/Maps/FirstPersonExampleMap_BuiltData.uasset" 510
"../../../../Lasalle/2020.5-fall/GameEngineIII/FirstAssignment/PhilipeGo_Assign01/Content/Textures/T_BombDecal.uasset" 511
"../../../../Lasalle/2020.5-fall/GameEngineIII/FirstAssignment/PhilipeGo_Assign01/Content/Materials/M_BombAreaDecal.uasset" 512
"../../../../Lasalle/2020.5-fall/GameEngineIII/FirstAssignment/PhilipeGo_Assign01/Content/StarterContent/Textures/T_Concrete_Grime_D.uasset" 513
"../../../../Lasalle/2020.5-fall/GameEngineIII/FirstAssignment/PhilipeGo_Assign01/Content/Materials/M_Concrete.uasset" 514
"../../../../Lasalle/2020.5-fall/GameEngineIII/FirstAssignment/PhilipeGo_Assign01/Content/Textures/T_Marble.uasset" 515
"../../../../Lasalle/2020.5-fall/GameEngineIII/FirstAssignment/PhilipeGo_Assign01/Content/Materials/M_Marble.uasset" 516
"../../../../Lasalle/2020.5-fall/GameEngineIII/FirstAssignment/PhilipeGo_Assign01/Content/Textures/T_Floor_A.uasset" 517
"../../../../Lasalle/2020.5-fall/GameEngineIII/FirstAssignment/PhilipeGo_Assign01/Content/Materials/M_UpperFloor.uasset" 518
"../../../../Lasalle/2020.5-fall/GameEngineIII/FirstAssignment/PhilipeGo_Assign01/Content/Materials/M_WalkwayFloor.uasset" 519
"../../../../Lasalle/2020.5-fall/GameEngineIII/FirstAssignment/PhilipeGo_Assign01/Content/Textures/T_WallDecal1.uasset" 520
"../../../../Lasalle/2020.5-fall/GameEngineIII/FirstAssignment/PhilipeGo_Assign01/Content/Materials/M_WallDecal1.uasset" 521
"../../../../Lasalle/2020.5-fall/GameEngineIII/FirstAssignment/PhilipeGo_Assign01/Content/Textures/T_WallDecal2.uasset" 522
"../../../../Lasalle/2020.5-fall/GameEngineIII/FirstAssignment/PhilipeGo_Assign01/Content/Materials/M_WallDecal2.uasset" 523
"../../../../Lasalle/2020.5-fall/GameEngineIII/FirstAssignment/PhilipeGo_Assign01/Content/Textures/T_WallDecal3.uasset" 524
"../../../../Lasalle/2020.5-fall/GameEngineIII/FirstAssignment/PhilipeGo_Assign01/Content/Materials/M_WallDecal3.uasset" 525
"../../../../Lasalle/2020.5-fall/GameEngineIII/FirstAssignment/PhilipeGo_Assign01/Content/Textures/T_XDecal.uasset" 526
"../../../../Lasalle/2020.5-fall/GameEngineIII/FirstAssignment/PhilipeGo_Assign01/Content/Materials/M_XDecal.uasset" 527
"../../../../Lasalle/2020.5-fall/GameEngineIII/FirstAssignment/PhilipeGo_Assign01/Content/Props/Crates/T_MilitaryCrate_A.uasset" 528
"../../../../Lasalle/2020.5-fall/GameEngineIII/FirstAssignment/PhilipeGo_Assign01/Content/Props/Crates/T_MilitaryCrate_AO.uasset" 529
"../../../../Lasalle/2020.5-fall/GameEngineIII/FirstAssignment/PhilipeGo_Assign01/Content/Props/Crates/T_MilitaryCrate_M.uasset" 530
"../../../../Lasalle/2020.5-fall/GameEngineIII/FirstAssignment/PhilipeGo_Assign01/Content/Props/Crates/T_MilitaryCrate_N.uasset" 531
"../../../../Lasalle/2020.5-fall/GameEngineIII/FirstAssignment/PhilipeGo_Assign01/Content/Props/Crates/T_MilitaryCrate_R.uasset" 532
"../../../../Lasalle/2020.5-fall/GameEngineIII/FirstAssignment/PhilipeGo_Assign01/Content/Props/Crates/M_MilitaryCrate.uasset" 533
"../../../../Lasalle/2020.5-fall/GameEngineIII/FirstAssignment/PhilipeGo_Assign01/Content/Props/Computers/T_LabPC_A.uasset" 534
"../../../../Lasalle/2020.5-fall/GameEngineIII/FirstAssignment/PhilipeGo_Assign01/Content/Props/Computers/T_LabPC_AO.uasset" 535
"../../../../Lasalle/2020.5-fall/GameEngineIII/FirstAssignment/PhilipeGo_Assign01/Content/Props/Computers/T_LabPC_M.uasset" 536
"../../../../Lasalle/2020.5-fall/GameEngineIII/FirstAssignment/PhilipeGo_Assign01/Content/Props/Computers/T_LabPC_N.uasset" 537
"../../../../Lasalle/2020.5-fall/GameEngineIII/FirstAssignment/PhilipeGo_Assign01/Content/Props/Computers/T_LabPC_R.uasset" 538
"../../../../Lasalle/2020.5-fall/GameEngineIII/FirstAssignment/PhilipeGo_Assign01/Content/Props/Computers/M_LabPC.uasset" 539
"../../../../Lasalle/2020.5-fall/GameEngineIII/FirstAssignment/PhilipeGo_Assign01/Content/Props/Computers/SM_LabPC.uasset" 540
"../../../../Lasalle/2020.5-fall/GameEngineIII/FirstAssignment/PhilipeGo_Assign01/Content/Props/Computers/T_pc1_A.uasset" 541
"../../../../Lasalle/2020.5-fall/GameEngineIII/FirstAssignment/PhilipeGo_Assign01/Content/Props/Computers/T_pc1_N.uasset" 542
"../../../../Lasalle/2020.5-fall/GameEngineIII/FirstAssignment/PhilipeGo_Assign01/Content/Props/Computers/T_pc1_R.uasset" 543
"../../../../Lasalle/2020.5-fall/GameEngineIII/FirstAssignment/PhilipeGo_Assign01/Content/Props/Computers/M_pc1.uasset" 544
"../../../../Lasalle/2020.5-fall/GameEngineIII/FirstAssignment/PhilipeGo_Assign01/Content/Props/Computers/SM_pc1.uasset" 545
"../../../../Lasalle/2020.5-fall/GameEngineIII/FirstAssignment/PhilipeGo_Assign01/Content/Props/Computers/T_pc2_A.uasset" 546
"../../../../Lasalle/2020.5-fall/GameEngineIII/FirstAssignment/PhilipeGo_Assign01/Content/Props/Computers/T_pc2_E.uasset" 547
"../../../../Lasalle/2020.5-fall/GameEngineIII/FirstAssignment/PhilipeGo_Assign01/Content/Props/Computers/M_pc2.uasset" 548
"../../../../Lasalle/2020.5-fall/GameEngineIII/FirstAssignment/PhilipeGo_Assign01/Content/Props/Computers/SM_pc2.uasset" 549
"../../../../Lasalle/2020.5-fall/GameEngineIII/FirstAssignment/PhilipeGo_Assign01/Content/Props/Computers/T_pc3_A.uasset" 550
"../../../../Lasalle/2020.5-fall/GameEngineIII/FirstAssignment/PhilipeGo_Assign01/Content/Props/Computers/T_pc3_AO.uasset" 551
"../../../../Lasalle/2020.5-fall/GameEngineIII/FirstAssignment/PhilipeGo_Assign01/Content/Props/Computers/T_pc3_N.uasset" 552
"../../../../Lasalle/2020.5-fall/GameEngineIII/FirstAssignment/PhilipeGo_Assign01/Content/Props/Computers/T_pc3_R.uasset" 553
"../../../../Lasalle/2020.5-fall/GameEngineIII/FirstAssignment/PhilipeGo_Assign01/Content/Props/Computers/M_pc3.uasset" 554
"../../../../Lasalle/2020.5-fall/GameEngineIII/FirstAssignment/PhilipeGo_Assign01/Content/Props/Computers/SM_pc3.uasset" 555
"../../../../Lasalle/2020.5-fall/GameEngineIII/FirstAssignment/PhilipeGo_Assign01/Content/Props/Crates/T_Crate3_A.uasset" 556
"../../../../Lasalle/2020.5-fall/GameEngineIII/FirstAssignment/PhilipeGo_Assign01/Content/Props/Crates/T_Crate3_N.uasset" 557
"../../../../Lasalle/2020.5-fall/GameEngineIII/FirstAssignment/PhilipeGo_Assign01/Content/Props/Crates/T_Crate3_S.uasset" 558
"../../../../Lasalle/2020.5-fall/GameEngineIII/FirstAssignment/PhilipeGo_Assign01/Content/Props/Crates/M_Crate3.uasset" 559
"../../../../Lasalle/2020.5-fall/GameEngineIII/FirstAssignment/PhilipeGo_Assign01/Content/Props/Crates/SM_Crate3.uasset" 560
"../../../../Lasalle/2020.5-fall/GameEngineIII/FirstAssignment/PhilipeGo_Assign01/Content/Props/Crates/SM_MilitaryCrate.uasset" 561
"../../../../Lasalle/2020.5-fall/GameEngineIII/FirstAssignment/PhilipeGo_Assign01/Content/Props/Crates/T_WoodenCrate_A.uasset" 562
"../../../../Lasalle/2020.5-fall/GameEngineIII/FirstAssignment/PhilipeGo_Assign01/Content/Props/Crates/T_WoodenCrate_AO.uasset" 563
"../../../../Lasalle/2020.5-fall/GameEngineIII/FirstAssignment/PhilipeGo_Assign01/Content/Props/Crates/T_WoodenCrate_N.uasset" 564
"../../../../Lasalle/2020.5-fall/GameEngineIII/FirstAssignment/PhilipeGo_Assign01/Content/Props/Crates/T_WoodenCrate_R.uasset" 565
"../../../../Lasalle/2020.5-fall/GameEngineIII/FirstAssignment/PhilipeGo_Assign01/Content/Props/Crates/M_WoodenCrate.uasset" 566
"../../../../Lasalle/2020.5-fall/GameEngineIII/FirstAssignment/PhilipeGo_Assign01/Content/Props/Crates/SM_WoodenCrate.uasset" 567
"../../../../Lasalle/2020.5-fall/GameEngineIII/FirstAssignment/PhilipeGo_Assign01/Content/Props/Others/T_Bricks_A.uasset" 568
"../../../../Lasalle/2020.5-fall/GameEngineIII/FirstAssignment/PhilipeGo_Assign01/Content/Props/Others/M_Bricks.uasset" 569
"../../../../Lasalle/2020.5-fall/GameEngineIII/FirstAssignment/PhilipeGo_Assign01/Content/Props/Others/SM_Bricks.uasset" 570
"../../../../Lasalle/2020.5-fall/GameEngineIII/FirstAssignment/PhilipeGo_Assign01/Content/Props/Others/T_Cone_A.uasset" 571
"../../../../Lasalle/2020.5-fall/GameEngineIII/FirstAssignment/PhilipeGo_Assign01/Content/Props/Others/T_Cone_M.uasset" 572
"../../../../Lasalle/2020.5-fall/GameEngineIII/FirstAssignment/PhilipeGo_Assign01/Content/Props/Others/T_Cone_N.uasset" 573
"../../../../Lasalle/2020.5-fall/GameEngineIII/FirstAssignment/PhilipeGo_Assign01/Content/Props/Others/T_Cone_R.uasset" 574
"../../../../Lasalle/2020.5-fall/GameEngineIII/FirstAssignment/PhilipeGo_Assign01/Content/Props/Others/M_Cone.uasset" 575
"../../../../Lasalle/2020.5-fall/GameEngineIII/FirstAssignment/PhilipeGo_Assign01/Content/Props/Others/SM_Cone.uasset" 576
"../../../../Lasalle/2020.5-fall/GameEngineIII/FirstAssignment/PhilipeGo_Assign01/Content/Props/Pallet/T_Pallet.uasset" 577
"../../../../Lasalle/2020.5-fall/GameEngineIII/FirstAssignment/PhilipeGo_Assign01/Content/Props/Pallet/M_Pallet.uasset" 578
"../../../../Lasalle/2020.5-fall/GameEngineIII/FirstAssignment/PhilipeGo_Assign01/Content/Props/Pallet/SM_Pallet.uasset" 579
"../../../../Lasalle/2020.5-fall/GameEngineIII/FirstAssignment/PhilipeGo_Assign01/Content/Props/Planks/T_OldPlanks_A.uasset" 580
"../../../../Lasalle/2020.5-fall/GameEngineIII/FirstAssignment/PhilipeGo_Assign01/Content/Props/Planks/T_OldPlanks_M.uasset" 581
"../../../../Lasalle/2020.5-fall/GameEngineIII/FirstAssignment/PhilipeGo_Assign01/Content/Props/Planks/T_OldPlanks_N.uasset" 582
"../../../../Lasalle/2020.5-fall/GameEngineIII/FirstAssignment/PhilipeGo_Assign01/Content/Props/Planks/T_OldPlanks_R.uasset" 583
"../../../../Lasalle/2020.5-fall/GameEngineIII/FirstAssignment/PhilipeGo_Assign01/Content/Props/Planks/M_OldPlanks.uasset" 584
"../../../../Lasalle/2020.5-fall/GameEngineIII/FirstAssignment/PhilipeGo_Assign01/Content/Props/Planks/SM_OldPlanks.uasset" 585
"../../../../Lasalle/2020.5-fall/GameEngineIII/FirstAssignment/PhilipeGo_Assign01/Content/Props/Planks/SM_Roof.uasset" 586
"../../../../Lasalle/2020.5-fall/GameEngineIII/FirstAssignment/PhilipeGo_Assign01/Content/Props/Planks/T_SmallPlanks.uasset" 587
"../../../../Lasalle/2020.5-fall/GameEngineIII/FirstAssignment/PhilipeGo_Assign01/Content/Props/Planks/M_Small_Planks.uasset" 588
"../../../../Lasalle/2020.5-fall/GameEngineIII/FirstAssignment/PhilipeGo_Assign01/Content/Props/Planks/SM_SmallPlanks.uasset" 589
"../../../../Lasalle/2020.5-fall/GameEngineIII/FirstAssignment/PhilipeGo_Assign01/Content/Props/Tanks/T_Tank1_A.uasset" 590
"../../../../Lasalle/2020.5-fall/GameEngineIII/FirstAssignment/PhilipeGo_Assign01/Content/Props/Tanks/T_Tank1_AO.uasset" 591
"../../../../Lasalle/2020.5-fall/GameEngineIII/FirstAssignment/PhilipeGo_Assign01/Content/Props/Tanks/T_Tank1_M.uasset" 592
"../../../../Lasalle/2020.5-fall/GameEngineIII/FirstAssignment/PhilipeGo_Assign01/Content/Props/Tanks/T_Tank1_N.uasset" 593
"../../../../Lasalle/2020.5-fall/GameEngineIII/FirstAssignment/PhilipeGo_Assign01/Content/Props/Tanks/M_Tank1.uasset" 594
"../../../../Lasalle/2020.5-fall/GameEngineIII/FirstAssignment/PhilipeGo_Assign01/Content/Props/Tanks/SM_Tank1.uasset" 595
"../../../../Lasalle/2020.5-fall/GameEngineIII/FirstAssignment/PhilipeGo_Assign01/Content/Props/Tanks/T_Tank2_A.uasset" 596
"../../../../Lasalle/2020.5-fall/GameEngineIII/FirstAssignment/PhilipeGo_Assign01/Content/Props/Tanks/T_Tank2_AO.uasset" 597
"../../../../Lasalle/2020.5-fall/GameEngineIII/FirstAssignment/PhilipeGo_Assign01/Content/Props/Tanks/T_Tank2_M.uasset" 598
"../../../../Lasalle/2020.5-fall/GameEngineIII/FirstAssignment/PhilipeGo_Assign01/Content/Props/Tanks/T_Tank2_N.uasset" 599
"../../../../Lasalle/2020.5-fall/GameEngineIII/FirstAssignment/PhilipeGo_Assign01/Content/Props/Tanks/T_Tank2_R.uasset" 600
"../../../../Lasalle/2020.5-fall/GameEngineIII/FirstAssignment/PhilipeGo_Assign01/Content/Props/Tanks/M_Tank2.uasset" 601
"../../../../Lasalle/2020.5-fall/GameEngineIII/FirstAssignment/PhilipeGo_Assign01/Content/Props/Tanks/SM_Tank2.uasset" 602
"../../../../Lasalle/2020.5-fall/GameEngineIII/FirstAssignment/PhilipeGo_Assign01/Content/Props/Tanks/T_Tank3_A.uasset" 603
"../../../../Lasalle/2020.5-fall/GameEngineIII/FirstAssignment/PhilipeGo_Assign01/Content/Props/Tanks/T_Tank3_AO.uasset" 604
"../../../../Lasalle/2020.5-fall/GameEngineIII/FirstAssignment/PhilipeGo_Assign01/Content/Props/Tanks/T_Tank3_N.uasset" 605
"../../../../Lasalle/2020.5-fall/GameEngineIII/FirstAssignment/PhilipeGo_Assign01/Content/Props/Tanks/T_Tank3_R.uasset" 606
"../../../../Lasalle/2020.5-fall/GameEngineIII/FirstAssignment/PhilipeGo_Assign01/Content/Props/Tanks/M_Tank3.uasset" 607
"../../../../Lasalle/2020.5-fall/GameEngineIII/FirstAssignment/PhilipeGo_Assign01/Content/Props/Tanks/SM_Tank3.uasset" 608
"../../../../Lasalle/2020.5-fall/GameEngineIII/FirstAssignment/PhilipeGo_Assign01/Content/Props/Trash/T_Trash1.uasset" 609
"../../../../Lasalle/2020.5-fall/GameEngineIII/FirstAssignment/PhilipeGo_Assign01/Content/Props/Trash/M_Trash1.uasset" 610
"../../../../Lasalle/2020.5-fall/GameEngineIII/FirstAssignment/PhilipeGo_Assign01/Content/Props/Trash/SM_Trash1.uasset" 611
"../../../../Lasalle/2020.5-fall/GameEngineIII/FirstAssignment/PhilipeGo_Assign01/Content/Props/Trash/T_Trash2_A.uasset" 612
"../../../../Lasalle/2020.5-fall/GameEngineIII/FirstAssignment/PhilipeGo_Assign01/Content/Props/Trash/T_Trash2_N.uasset" 613
"../../../../Lasalle/2020.5-fall/GameEngineIII/FirstAssignment/PhilipeGo_Assign01/Content/Props/Trash/M_Trash2.uasset" 614
"../../../../Lasalle/2020.5-fall/GameEngineIII/FirstAssignment/PhilipeGo_Assign01/Content/Props/Trash/SM_Trash2.uasset" 615
"../../../../Lasalle/2020.5-fall/GameEngineIII/FirstAssignment/PhilipeGo_Assign01/Content/Props/Trash/T_TrashCan_A.uasset" 616
"../../../../Lasalle/2020.5-fall/GameEngineIII/FirstAssignment/PhilipeGo_Assign01/Content/Props/Trash/T_TrashCan_AO.uasset" 617
"../../../../Lasalle/2020.5-fall/GameEngineIII/FirstAssignment/PhilipeGo_Assign01/Content/Props/Trash/T_TrashCan_D.uasset" 618
"../../../../Lasalle/2020.5-fall/GameEngineIII/FirstAssignment/PhilipeGo_Assign01/Content/Props/Trash/T_TrashCan_M.uasset" 619
"../../../../Lasalle/2020.5-fall/GameEngineIII/FirstAssignment/PhilipeGo_Assign01/Content/Props/Trash/T_TrashCan_N.uasset" 620
"../../../../Lasalle/2020.5-fall/GameEngineIII/FirstAssignment/PhilipeGo_Assign01/Content/Props/Trash/M_TrashCan.uasset" 621
"../../../../Lasalle/2020.5-fall/GameEngineIII/FirstAssignment/PhilipeGo_Assign01/Content/Props/Trash/SM_TrashCan.uasset" 622
"../../../../Lasalle/2020.5-fall/GameEngineIII/FirstAssignment/PhilipeGo_Assign01/Content/Props/Vegetation/T_Grass.uasset" 623
"../../../../Lasalle/2020.5-fall/GameEngineIII/FirstAssignment/PhilipeGo_Assign01/Content/Props/Vegetation/M_Grass.uasset" 624
"../../../../Lasalle/2020.5-fall/GameEngineIII/FirstAssignment/PhilipeGo_Assign01/Content/Props/Vegetation/SM_Grass.uasset" 625
"../../../../Lasalle/2020.5-fall/GameEngineIII/FirstAssignment/PhilipeGo_Assign01/Content/Scenario/SM_LightBeam2.uasset" 626
"../../../../Lasalle/2020.5-fall/GameEngineIII/FirstAssignment/PhilipeGo_Assign01/Content/FirstPersonBP/Maps/FirstPersonExampleMap.umap" 627
"../../../../Lasalle/2020.5-fall/GameEngineIII/FirstAssignment/PhilipeGo_Assign01/Content/StarterContent/Blueprints/Assets/FogBrightnessLUT.uasset" 628
"../../../../Lasalle/2020.5-fall/GameEngineIII/FirstAssignment/PhilipeGo_Assign01/Content/StarterContent/Blueprints/Assets/SunlightColorLUT.uasset" 629
"../../../../Lasalle/2020.5-fall/GameEngineIII/FirstAssignment/PhilipeGo_Assign01/Content/StarterContent/Blueprints/Assets/M_LightStage_Arrows.uasset" 630
"../../../Engine/Content/MapTemplates/Sky/DaylightAmbientCubemap.uasset" 631
"../../../../Lasalle/2020.5-fall/GameEngineIII/FirstAssignment/PhilipeGo_Assign01/Content/StarterContent/Blueprints/Assets/M_LightStage_Skybox_Master.uasset" 632
"../../../../Lasalle/2020.5-fall/GameEngineIII/FirstAssignment/PhilipeGo_Assign01/Content/StarterContent/Blueprints/Assets/M_LightStage_Skybox_Black.uasset" 633
"../../../../Lasalle/2020.5-fall/GameEngineIII/FirstAssignment/PhilipeGo_Assign01/Content/StarterContent/Blueprints/Assets/M_LightStage_Skybox_HDRI.uasset" 634
"../../../Engine/Content/EditorMaterials/Thumbnails/SkySphereMaterial.uasset" 635
"../../../../Lasalle/2020.5-fall/GameEngineIII/FirstAssignment/PhilipeGo_Assign01/Content/StarterContent/Blueprints/Assets/Skybox.uasset" 636
"../../../../Lasalle/2020.5-fall/GameEngineIII/FirstAssignment/PhilipeGo_Assign01/Content/StarterContent/Blueprints/Assets/SM_Arrows.uasset" 637
"../../../../Lasalle/2020.5-fall/GameEngineIII/FirstAssignment/PhilipeGo_Assign01/Content/StarterContent/HDRI/HDRI_Epic_Courtyard_Daylight.uasset" 638
"../../../../Lasalle/2020.5-fall/GameEngineIII/FirstAssignment/PhilipeGo_Assign01/Content/StarterContent/Blueprints/BP_LightStudio.uasset" 639
"../../../../Lasalle/2020.5-fall/GameEngineIII/FirstAssignment/PhilipeGo_Assign01/Content/StarterContent/Maps/Advanced_Lighting_BuiltData.uasset" 640
"../../../../Lasalle/2020.5-fall/GameEngineIII/FirstAssignment/PhilipeGo_Assign01/Content/StarterContent/Materials/M_AssetPlatform.uasset" 641
"../../../Engine/Content/EditorMeshes/ColorCalibrator/M_ChromeBall.uasset" 642
"../../../Engine/Content/EditorMeshes/ColorCalibrator/M_ClearCoat.uasset" 643
"../../../Engine/Content/EditorMeshes/ColorCalibrator/M_ClearCoatBlack.uasset" 644
"../../../Engine/Content/EditorMeshes/ColorCalibrator/Color_checker.uasset" 645
"../../../Engine/Content/EditorMeshes/ColorCalibrator/M_ColorGrid.uasset" 646
"../../../Engine/Content/EditorMeshes/ColorCalibrator/M_GreyBall.uasset" 647
"../../../Engine/Content/EditorMeshes/ColorCalibrator/SM_ColorCalibrator.uasset" 648
"../../../../Lasalle/2020.5-fall/GameEngineIII/FirstAssignment/PhilipeGo_Assign01/Content/StarterContent/Architecture/SM_AssetPlatform.uasset" 649
"../../../../Lasalle/2020.5-fall/GameEngineIII/FirstAssignment/PhilipeGo_Assign01/Content/StarterContent/Maps/Advanced_Lighting.umap" 650
"../../../../Lasalle/2020.5-fall/GameEngineIII/FirstAssignment/PhilipeGo_Assign01/Content/StarterContent/Maps/Minimal_Default_BuiltData.uasset" 651
"../../../../Lasalle/2020.5-fall/GameEngineIII/FirstAssignment/PhilipeGo_Assign01/Content/StarterContent/Textures/T_MacroVariation.uasset" 652
"../../../../Lasalle/2020.5-fall/GameEngineIII/FirstAssignment/PhilipeGo_Assign01/Content/StarterContent/Materials/M_Metal_Brushed_Nickel.uasset" 653
"../../../../Lasalle/2020.5-fall/GameEngineIII/FirstAssignment/PhilipeGo_Assign01/Content/StarterContent/Textures/T_Metal_Aluminum_D.uasset" 654
"../../../../Lasalle/2020.5-fall/GameEngineIII/FirstAssignment/PhilipeGo_Assign01/Content/StarterContent/Textures/T_Metal_Gold_N.uasset" 655
"../../../../Lasalle/2020.5-fall/GameEngineIII/FirstAssignment/PhilipeGo_Assign01/Content/StarterContent/Materials/M_Metal_Burnished_Steel.uasset" 656
"../../../../Lasalle/2020.5-fall/GameEngineIII/FirstAssignment/PhilipeGo_Assign01/Content/StarterContent/Textures/T_Metal_Copper_D.uasset" 657
"../../../../Lasalle/2020.5-fall/GameEngineIII/FirstAssignment/PhilipeGo_Assign01/Content/StarterContent/Materials/M_Metal_Copper.uasset" 658
"../../../../Lasalle/2020.5-fall/GameEngineIII/FirstAssignment/PhilipeGo_Assign01/Content/StarterContent/Textures/T_Statue_M.uasset" 659
"../../../../Lasalle/2020.5-fall/GameEngineIII/FirstAssignment/PhilipeGo_Assign01/Content/StarterContent/Textures/T_Statue_N.uasset" 660
"../../../../Lasalle/2020.5-fall/GameEngineIII/FirstAssignment/PhilipeGo_Assign01/Content/StarterContent/Props/Materials/M_StatueGlass.uasset" 661
"../../../../Lasalle/2020.5-fall/GameEngineIII/FirstAssignment/PhilipeGo_Assign01/Content/StarterContent/Architecture/Floor_400x400.uasset" 662
"../../../../Lasalle/2020.5-fall/GameEngineIII/FirstAssignment/PhilipeGo_Assign01/Content/StarterContent/Audio/Starter_Background_Cue.uasset" 663
"../../../../Lasalle/2020.5-fall/GameEngineIII/FirstAssignment/PhilipeGo_Assign01/Content/StarterContent/Props/SM_Chair.uasset" 664
"../../../../Lasalle/2020.5-fall/GameEngineIII/FirstAssignment/PhilipeGo_Assign01/Content/StarterContent/Props/Materials/M_Statue.uasset" 665
"../../../../Lasalle/2020.5-fall/GameEngineIII/FirstAssignment/PhilipeGo_Assign01/Content/StarterContent/Props/SM_Statue.uasset" 666
"../../../../Lasalle/2020.5-fall/GameEngineIII/FirstAssignment/PhilipeGo_Assign01/Content/StarterContent/Textures/T_TableRound_M.uasset" 667
"../../../../Lasalle/2020.5-fall/GameEngineIII/FirstAssignment/PhilipeGo_Assign01/Content/StarterContent/Textures/T_TableRound_N.uasset" 668
"../../../../Lasalle/2020.5-fall/GameEngineIII/FirstAssignment/PhilipeGo_Assign01/Content/StarterContent/Props/Materials/M_TableRound.uasset" 669
"../../../../Lasalle/2020.5-fall/GameEngineIII/FirstAssignment/PhilipeGo_Assign01/Content/StarterContent/Props/SM_TableRound.uasset" 670
"../../../../Lasalle/2020.5-fall/GameEngineIII/FirstAssignment/PhilipeGo_Assign01/Content/StarterContent/Maps/Minimal_Default.umap" 671
"../../../../Lasalle/2020.5-fall/GameEngineIII/FirstAssignment/PhilipeGo_Assign01/Content/StarterContent/Audio/Fire01_Cue.uasset" 672
"../../../../Lasalle/2020.5-fall/GameEngineIII/FirstAssignment/PhilipeGo_Assign01/Content/StarterContent/Textures/T_Fire_SubUV.uasset" 673
"../../../../Lasalle/2020.5-fall/GameEngineIII/FirstAssignment/PhilipeGo_Assign01/Content/StarterContent/Textures/T_Fire_Tiled_D.uasset" 674
"../../../../Lasalle/2020.5-fall/GameEngineIII/FirstAssignment/PhilipeGo_Assign01/Content/StarterContent/Particles/Materials/M_Fire_SubUV.uasset" 675
"../../../../Lasalle/2020.5-fall/GameEngineIII/FirstAssignment/PhilipeGo_Assign01/Content/StarterContent/Textures/T_Water_N.uasset" 676
"../../../../Lasalle/2020.5-fall/GameEngineIII/FirstAssignment/PhilipeGo_Assign01/Content/StarterContent/Particles/Materials/M_Heat_Distortion.uasset" 677
"../../../../Lasalle/2020.5-fall/GameEngineIII/FirstAssignment/PhilipeGo_Assign01/Content/StarterContent/Particles/Materials/M_Radial_Gradient.uasset" 678
"../../../../Lasalle/2020.5-fall/GameEngineIII/FirstAssignment/PhilipeGo_Assign01/Content/StarterContent/Particles/P_Fire.uasset" 679
"../../../../Lasalle/2020.5-fall/GameEngineIII/FirstAssignment/PhilipeGo_Assign01/Content/StarterContent/Blueprints/Blueprint_Effect_Fire.uasset" 680
"../../../../Lasalle/2020.5-fall/GameEngineIII/FirstAssignment/PhilipeGo_Assign01/Content/StarterContent/Audio/Smoke01_Cue.uasset" 681
"../../../../Lasalle/2020.5-fall/GameEngineIII/FirstAssignment/PhilipeGo_Assign01/Content/StarterContent/Particles/P_Smoke.uasset" 682
"../../../../Lasalle/2020.5-fall/GameEngineIII/FirstAssignment/PhilipeGo_Assign01/Content/StarterContent/Blueprints/Blueprint_Effect_Smoke.uasset" 683
"../../../../Lasalle/2020.5-fall/GameEngineIII/FirstAssignment/PhilipeGo_Assign01/Content/StarterContent/Audio/Fire_Sparks01_Cue.uasset" 684
"../../../../Lasalle/2020.5-fall/GameEngineIII/FirstAssignment/PhilipeGo_Assign01/Content/StarterContent/Textures/T_Spark_Core.uasset" 685
"../../../../Lasalle/2020.5-fall/GameEngineIII/FirstAssignment/PhilipeGo_Assign01/Content/StarterContent/Particles/Materials/M_Spark.uasset" 686
"../../../../Lasalle/2020.5-fall/GameEngineIII/FirstAssignment/PhilipeGo_Assign01/Content/StarterContent/Particles/P_Sparks.uasset" 687
"../../../../Lasalle/2020.5-fall/GameEngineIII/FirstAssignment/PhilipeGo_Assign01/Content/StarterContent/Blueprints/Blueprint_Effect_Sparks.uasset" 688
"../../../../Lasalle/2020.5-fall/GameEngineIII/FirstAssignment/PhilipeGo_Assign01/Content/StarterContent/Audio/Steam01_Cue.uasset" 689
"../../../../Lasalle/2020.5-fall/GameEngineIII/FirstAssignment/PhilipeGo_Assign01/Content/StarterContent/Particles/P_Steam_Lit.uasset" 690
"../../../../Lasalle/2020.5-fall/GameEngineIII/FirstAssignment/PhilipeGo_Assign01/Content/StarterContent/Blueprints/Blueprint_Effect_Steam.uasset" 691
"../../../../Lasalle/2020.5-fall/GameEngineIII/FirstAssignment/PhilipeGo_Assign01/Content/StarterContent/Textures/T_Lamp_M.uasset" 692
"../../../../Lasalle/2020.5-fall/GameEngineIII/FirstAssignment/PhilipeGo_Assign01/Content/StarterContent/Textures/T_Lamp_N.uasset" 693
"../../../../Lasalle/2020.5-fall/GameEngineIII/FirstAssignment/PhilipeGo_Assign01/Content/StarterContent/Props/Materials/M_Lamp.uasset" 694
"../../../../Lasalle/2020.5-fall/GameEngineIII/FirstAssignment/PhilipeGo_Assign01/Content/StarterContent/Props/SM_Lamp_Ceiling.uasset" 695
"../../../../Lasalle/2020.5-fall/GameEngineIII/FirstAssignment/PhilipeGo_Assign01/Content/StarterContent/Blueprints/Blueprint_CeilingLight.uasset" 696
"../../../../Lasalle/2020.5-fall/GameEngineIII/FirstAssignment/PhilipeGo_Assign01/Content/StarterContent/Props/SM_Lamp_Wall.uasset" 697
"../../../../Lasalle/2020.5-fall/GameEngineIII/FirstAssignment/PhilipeGo_Assign01/Content/StarterContent/Blueprints/Blueprint_WallSconce.uasset" 698
"../../../../Lasalle/2020.5-fall/GameEngineIII/FirstAssignment/PhilipeGo_Assign01/Content/StarterContent/Maps/StarterMap_BuiltData.uasset" 699
"../../../Engine/Content/Functions/Engine_MaterialFunctions03/Procedurals/ComputeFilterWidth.uasset" 700
"../../../Engine/Content/EngineMaterials/AntiAliasedTextMaterialTranslucent.uasset" 701
"../../../../Lasalle/2020.5-fall/GameEngineIII/FirstAssignment/PhilipeGo_Assign01/Content/StarterContent/Textures/T_Brick_Clay_Beveled_D.uasset" 702
"../../../../Lasalle/2020.5-fall/GameEngineIII/FirstAssignment/PhilipeGo_Assign01/Content/StarterContent/Textures/T_Brick_Clay_Beveled_M.uasset" 703
"../../../../Lasalle/2020.5-fall/GameEngineIII/FirstAssignment/PhilipeGo_Assign01/Content/StarterContent/Textures/T_Brick_Clay_Beveled_N.uasset" 704
"../../../../Lasalle/2020.5-fall/GameEngineIII/FirstAssignment/PhilipeGo_Assign01/Content/StarterContent/Materials/M_Brick_Clay_Beveled.uasset" 705
"../../../../Lasalle/2020.5-fall/GameEngineIII/FirstAssignment/PhilipeGo_Assign01/Content/StarterContent/Textures/T_Brick_Clay_New_D.uasset" 706
"../../../../Lasalle/2020.5-fall/GameEngineIII/FirstAssignment/PhilipeGo_Assign01/Content/StarterContent/Textures/T_Brick_Clay_New_M.uasset" 707
"../../../../Lasalle/2020.5-fall/GameEngineIII/FirstAssignment/PhilipeGo_Assign01/Content/StarterContent/Textures/T_Brick_Clay_New_N.uasset" 708
"../../../../Lasalle/2020.5-fall/GameEngineIII/FirstAssignment/PhilipeGo_Assign01/Content/StarterContent/Materials/M_Brick_Clay_New.uasset" 709
"../../../../Lasalle/2020.5-fall/GameEngineIII/FirstAssignment/PhilipeGo_Assign01/Content/StarterContent/Textures/T_Brick_Clay_Old_D.uasset" 710
"../../../../Lasalle/2020.5-fall/GameEngineIII/FirstAssignment/PhilipeGo_Assign01/Content/StarterContent/Textures/T_Brick_Clay_Old_N.uasset" 711
"../../../../Lasalle/2020.5-fall/GameEngineIII/FirstAssignment/PhilipeGo_Assign01/Content/StarterContent/Textures/T_Perlin_Noise_M.uasset" 712
"../../../../Lasalle/2020.5-fall/GameEngineIII/FirstAssignment/PhilipeGo_Assign01/Content/StarterContent/Materials/M_Brick_Clay_Old.uasset" 713
"../../../../Lasalle/2020.5-fall/GameEngineIII/FirstAssignment/PhilipeGo_Assign01/Content/StarterContent/Textures/T_Brick_Cut_Stone_D.uasset" 714
"../../../../Lasalle/2020.5-fall/GameEngineIII/FirstAssignment/PhilipeGo_Assign01/Content/StarterContent/Textures/T_Brick_Cut_Stone_N.uasset" 715
"../../../../Lasalle/2020.5-fall/GameEngineIII/FirstAssignment/PhilipeGo_Assign01/Content/StarterContent/Materials/M_Brick_Cut_Stone.uasset" 716
"../../../../Lasalle/2020.5-fall/GameEngineIII/FirstAssignment/PhilipeGo_Assign01/Content/StarterContent/Textures/T_Brick_Hewn_Stone_D.uasset" 717
"../../../../Lasalle/2020.5-fall/GameEngineIII/FirstAssignment/PhilipeGo_Assign01/Content/StarterContent/Textures/T_Brick_Hewn_Stone_M.uasset" 718
"../../../../Lasalle/2020.5-fall/GameEngineIII/FirstAssignment/PhilipeGo_Assign01/Content/StarterContent/Textures/T_Brick_Hewn_Stone_N.uasset" 719
"../../../../Lasalle/2020.5-fall/GameEngineIII/FirstAssignment/PhilipeGo_Assign01/Content/StarterContent/Materials/M_Brick_Hewn_Stone.uasset" 720
"../../../../Lasalle/2020.5-fall/GameEngineIII/FirstAssignment/PhilipeGo_Assign01/Content/StarterContent/Textures/T_Ceramic_Tile_M.uasset" 721
"../../../../Lasalle/2020.5-fall/GameEngineIII/FirstAssignment/PhilipeGo_Assign01/Content/StarterContent/Textures/T_Ceramic_Tile_N.uasset" 722
"../../../../Lasalle/2020.5-fall/GameEngineIII/FirstAssignment/PhilipeGo_Assign01/Content/StarterContent/Textures/T_Rock_Marble_Polished_D.uasset" 723
"../../../../Lasalle/2020.5-fall/GameEngineIII/FirstAssignment/PhilipeGo_Assign01/Content/StarterContent/Materials/M_Ceramic_Tile_Checker.uasset" 724
"../../../../Lasalle/2020.5-fall/GameEngineIII/FirstAssignment/PhilipeGo_Assign01/Content/StarterContent/Textures/T_CobbleStone_Pebble_D.uasset" 725
"../../../../Lasalle/2020.5-fall/GameEngineIII/FirstAssignment/PhilipeGo_Assign01/Content/StarterContent/Textures/T_CobbleStone_Pebble_M.uasset" 726
"../../../../Lasalle/2020.5-fall/GameEngineIII/FirstAssignment/PhilipeGo_Assign01/Content/StarterContent/Textures/T_CobbleStone_Pebble_N.uasset" 727
"../../../../Lasalle/2020.5-fall/GameEngineIII/FirstAssignment/PhilipeGo_Assign01/Content/StarterContent/Materials/M_CobbleStone_Pebble.uasset" 728
"../../../../Lasalle/2020.5-fall/GameEngineIII/FirstAssignment/PhilipeGo_Assign01/Content/StarterContent/Textures/T_CobbleStone_Rough_D.uasset" 729
"../../../../Lasalle/2020.5-fall/GameEngineIII/FirstAssignment/PhilipeGo_Assign01/Content/StarterContent/Textures/T_CobbleStone_Rough_N.uasset" 730
"../../../../Lasalle/2020.5-fall/GameEngineIII/FirstAssignment/PhilipeGo_Assign01/Content/StarterContent/Textures/T_Gradinet_01.uasset" 731
"../../../../Lasalle/2020.5-fall/GameEngineIII/FirstAssignment/PhilipeGo_Assign01/Content/StarterContent/Textures/T_Rock_Smooth_Granite_D.uasset" 732
"../../../../Lasalle/2020.5-fall/GameEngineIII/FirstAssignment/PhilipeGo_Assign01/Content/StarterContent/Materials/M_CobbleStone_Rough.uasset" 733
"../../../../Lasalle/2020.5-fall/GameEngineIII/FirstAssignment/PhilipeGo_Assign01/Content/StarterContent/Textures/T_CobbleStone_Smooth_D.uasset" 734
"../../../../Lasalle/2020.5-fall/GameEngineIII/FirstAssignment/PhilipeGo_Assign01/Content/StarterContent/Textures/T_CobbleStone_Smooth_M.uasset" 735
"../../../../Lasalle/2020.5-fall/GameEngineIII/FirstAssignment/PhilipeGo_Assign01/Content/StarterContent/Textures/T_CobbleStone_Smooth_N.uasset" 736
"../../../../Lasalle/2020.5-fall/GameEngineIII/FirstAssignment/PhilipeGo_Assign01/Content/StarterContent/Materials/M_CobbleStone_Smooth.uasset" 737
"../../../../Lasalle/2020.5-fall/GameEngineIII/FirstAssignment/PhilipeGo_Assign01/Content/StarterContent/Textures/T_Metal_Rust_N.uasset" 738
"../../../../Lasalle/2020.5-fall/GameEngineIII/FirstAssignment/PhilipeGo_Assign01/Content/StarterContent/Materials/M_Concrete_Grime.uasset" 739
"../../../../Lasalle/2020.5-fall/GameEngineIII/FirstAssignment/PhilipeGo_Assign01/Content/StarterContent/Materials/M_Concrete_Panels.uasset" 740
"../../../../Lasalle/2020.5-fall/GameEngineIII/FirstAssignment/PhilipeGo_Assign01/Content/StarterContent/Textures/T_Concrete_Poured_D.uasset" 741
"../../../../Lasalle/2020.5-fall/GameEngineIII/FirstAssignment/PhilipeGo_Assign01/Content/StarterContent/Textures/T_Concrete_Poured_N.uasset" 742
"../../../../Lasalle/2020.5-fall/GameEngineIII/FirstAssignment/PhilipeGo_Assign01/Content/StarterContent/Materials/M_Concrete_Poured.uasset" 743
"../../../../Lasalle/2020.5-fall/GameEngineIII/FirstAssignment/PhilipeGo_Assign01/Content/StarterContent/Textures/T_Concrete_Tiles_D.uasset" 744
"../../../../Lasalle/2020.5-fall/GameEngineIII/FirstAssignment/PhilipeGo_Assign01/Content/StarterContent/Textures/T_Concrete_Tiles_M.uasset" 745
"../../../../Lasalle/2020.5-fall/GameEngineIII/FirstAssignment/PhilipeGo_Assign01/Content/StarterContent/Textures/T_Concrete_Tiles_N.uasset" 746
"../../../../Lasalle/2020.5-fall/GameEngineIII/FirstAssignment/PhilipeGo_Assign01/Content/StarterContent/Textures/T_Concrete_Tiles_Variation_M.uasset" 747
"../../../../Lasalle/2020.5-fall/GameEngineIII/FirstAssignment/PhilipeGo_Assign01/Content/StarterContent/Materials/M_Concrete_Tiles.uasset" 748
"../../../../Lasalle/2020.5-fall/GameEngineIII/FirstAssignment/PhilipeGo_Assign01/Content/StarterContent/Textures/T_Ground_Grass_D.uasset" 749
"../../../../Lasalle/2020.5-fall/GameEngineIII/FirstAssignment/PhilipeGo_Assign01/Content/StarterContent/Textures/T_Ground_Grass_N.uasset" 750
"../../../../Lasalle/2020.5-fall/GameEngineIII/FirstAssignment/PhilipeGo_Assign01/Content/StarterContent/Materials/M_Ground_Grass.uasset" 751
"../../../../Lasalle/2020.5-fall/GameEngineIII/FirstAssignment/PhilipeGo_Assign01/Content/StarterContent/Textures/T_Ground_Gravel_D.uasset" 752
"../../../../Lasalle/2020.5-fall/GameEngineIII/FirstAssignment/PhilipeGo_Assign01/Content/StarterContent/Textures/T_Ground_Gravel_N.uasset" 753
"../../../../Lasalle/2020.5-fall/GameEngineIII/FirstAssignment/PhilipeGo_Assign01/Content/StarterContent/Materials/M_Ground_Gravel.uasset" 754
"../../../../Lasalle/2020.5-fall/GameEngineIII/FirstAssignment/PhilipeGo_Assign01/Content/StarterContent/Textures/T_ground_Moss_D.uasset" 755
"../../../../Lasalle/2020.5-fall/GameEngineIII/FirstAssignment/PhilipeGo_Assign01/Content/StarterContent/Textures/T_Ground_Moss_N.uasset" 756
"../../../../Lasalle/2020.5-fall/GameEngineIII/FirstAssignment/PhilipeGo_Assign01/Content/StarterContent/Materials/M_Ground_Moss.uasset" 757
"../../../../Lasalle/2020.5-fall/GameEngineIII/FirstAssignment/PhilipeGo_Assign01/Content/StarterContent/Materials/M_Metal_Chrome.uasset" 758
"../../../../Lasalle/2020.5-fall/GameEngineIII/FirstAssignment/PhilipeGo_Assign01/Content/StarterContent/Textures/T_Metal_Gold_D.uasset" 759
"../../../../Lasalle/2020.5-fall/GameEngineIII/FirstAssignment/PhilipeGo_Assign01/Content/StarterContent/Materials/M_Metal_Gold.uasset" 760
"../../../../Lasalle/2020.5-fall/GameEngineIII/FirstAssignment/PhilipeGo_Assign01/Content/StarterContent/Textures/T_Metal_Rust_D.uasset" 761
"../../../../Lasalle/2020.5-fall/GameEngineIII/FirstAssignment/PhilipeGo_Assign01/Content/StarterContent/Materials/M_Metal_Rust.uasset" 762
"../../../../Lasalle/2020.5-fall/GameEngineIII/FirstAssignment/PhilipeGo_Assign01/Content/StarterContent/Textures/T_Metal_Steel_D.uasset" 763
"../../../../Lasalle/2020.5-fall/GameEngineIII/FirstAssignment/PhilipeGo_Assign01/Content/StarterContent/Textures/T_Metal_Steel_N.uasset" 764
"../../../../Lasalle/2020.5-fall/GameEngineIII/FirstAssignment/PhilipeGo_Assign01/Content/StarterContent/Materials/M_Metal_Steel.uasset" 765
"../../../../Lasalle/2020.5-fall/GameEngineIII/FirstAssignment/PhilipeGo_Assign01/Content/StarterContent/Textures/T_Rock_Basalt_N.uasset" 766
"../../../../Lasalle/2020.5-fall/GameEngineIII/FirstAssignment/PhilipeGo_Assign01/Content/StarterContent/Materials/M_Rock_Basalt.uasset" 767
"../../../../Lasalle/2020.5-fall/GameEngineIII/FirstAssignment/PhilipeGo_Assign01/Content/StarterContent/Materials/M_Rock_Marble_Polished.uasset" 768
"../../../../Lasalle/2020.5-fall/GameEngineIII/FirstAssignment/PhilipeGo_Assign01/Content/StarterContent/Textures/T_Rock_Sandstone_D.uasset" 769
"../../../../Lasalle/2020.5-fall/GameEngineIII/FirstAssignment/PhilipeGo_Assign01/Content/StarterContent/Textures/T_Rock_Sandstone_N.uasset" 770
"../../../../Lasalle/2020.5-fall/GameEngineIII/FirstAssignment/PhilipeGo_Assign01/Content/StarterContent/Materials/M_Rock_Sandstone.uasset" 771
"../../../../Lasalle/2020.5-fall/GameEngineIII/FirstAssignment/PhilipeGo_Assign01/Content/StarterContent/Textures/T_Rock_Slate_D.uasset" 772
"../../../../Lasalle/2020.5-fall/GameEngineIII/FirstAssignment/PhilipeGo_Assign01/Content/StarterContent/Textures/T_Rock_Slate_N.uasset" 773
"../../../../Lasalle/2020.5-fall/GameEngineIII/FirstAssignment/PhilipeGo_Assign01/Content/StarterContent/Materials/M_Rock_Slate.uasset" 774
"../../../../Lasalle/2020.5-fall/GameEngineIII/FirstAssignment/PhilipeGo_Assign01/Content/StarterContent/Textures/T_Checker_Noise_M.uasset" 775
"../../../../Lasalle/2020.5-fall/GameEngineIII/FirstAssignment/PhilipeGo_Assign01/Content/StarterContent/Textures/T_Single_Tile_N.uasset" 776
"../../../../Lasalle/2020.5-fall/GameEngineIII/FirstAssignment/PhilipeGo_Assign01/Content/StarterContent/Textures/T_Tech_Dot_M.uasset" 777
"../../../../Lasalle/2020.5-fall/GameEngineIII/FirstAssignment/PhilipeGo_Assign01/Content/StarterContent/Textures/T_Tech_Dot_N.uasset" 778
"../../../../Lasalle/2020.5-fall/GameEngineIII/FirstAssignment/PhilipeGo_Assign01/Content/StarterContent/Materials/M_Tech_Checker_Dot.uasset" 779
"../../../../Lasalle/2020.5-fall/GameEngineIII/FirstAssignment/PhilipeGo_Assign01/Content/StarterContent/Textures/T_Tech_Hex_Tile_M.uasset" 780
"../../../../Lasalle/2020.5-fall/GameEngineIII/FirstAssignment/PhilipeGo_Assign01/Content/StarterContent/Textures/T_Tech_Hex_Tile_N.uasset" 781
"../../../../Lasalle/2020.5-fall/GameEngineIII/FirstAssignment/PhilipeGo_Assign01/Content/StarterContent/Materials/M_Tech_Hex_Tile.uasset" 782
"../../../../Lasalle/2020.5-fall/GameEngineIII/FirstAssignment/PhilipeGo_Assign01/Content/StarterContent/Materials/M_Tech_Hex_Tile_Pulse.uasset" 783
"../../../../Lasalle/2020.5-fall/GameEngineIII/FirstAssignment/PhilipeGo_Assign01/Content/StarterContent/Textures/T_Tech_Panel_M.uasset" 784
"../../../../Lasalle/2020.5-fall/GameEngineIII/FirstAssignment/PhilipeGo_Assign01/Content/StarterContent/Textures/T_Tech_Panel_N.uasset" 785
"../../../../Lasalle/2020.5-fall/GameEngineIII/FirstAssignment/PhilipeGo_Assign01/Content/StarterContent/Materials/M_Tech_Panel.uasset" 786
"../../../../Lasalle/2020.5-fall/GameEngineIII/FirstAssignment/PhilipeGo_Assign01/Content/StarterContent/Materials/M_Water_Lake.uasset" 787
"../../../../Lasalle/2020.5-fall/GameEngineIII/FirstAssignment/PhilipeGo_Assign01/Content/StarterContent/Textures/T_Water_M.uasset" 788
"../../../../Lasalle/2020.5-fall/GameEngineIII/FirstAssignment/PhilipeGo_Assign01/Content/StarterContent/Materials/M_Water_Ocean.uasset" 789
"../../../../Lasalle/2020.5-fall/GameEngineIII/FirstAssignment/PhilipeGo_Assign01/Content/StarterContent/Textures/T_Wood_Floor_Walnut_D.uasset" 790
"../../../../Lasalle/2020.5-fall/GameEngineIII/FirstAssignment/PhilipeGo_Assign01/Content/StarterContent/Textures/T_Wood_Floor_Walnut_M.uasset" 791
"../../../../Lasalle/2020.5-fall/GameEngineIII/FirstAssignment/PhilipeGo_Assign01/Content/StarterContent/Textures/T_Wood_Floor_Walnut_N.uasset" 792
"../../../../Lasalle/2020.5-fall/GameEngineIII/FirstAssignment/PhilipeGo_Assign01/Content/StarterContent/Materials/M_Wood_Floor_Walnut_Polished.uasset" 793
"../../../Engine/Content/Functions/Engine_MaterialFunctions01/Opacity/AlphaOffset.uasset" 794
"../../../../Lasalle/2020.5-fall/GameEngineIII/FirstAssignment/PhilipeGo_Assign01/Content/StarterContent/Materials/M_Wood_Floor_Walnut_Worn.uasset" 795
"../../../../Lasalle/2020.5-fall/GameEngineIII/FirstAssignment/PhilipeGo_Assign01/Content/StarterContent/Textures/T_Wood_Oak_D.uasset" 796
"../../../../Lasalle/2020.5-fall/GameEngineIII/FirstAssignment/PhilipeGo_Assign01/Content/StarterContent/Textures/T_Wood_Oak_N.uasset" 797
"../../../../Lasalle/2020.5-fall/GameEngineIII/FirstAssignment/PhilipeGo_Assign01/Content/StarterContent/Materials/M_Wood_Oak.uasset" 798
"../../../../Lasalle/2020.5-fall/GameEngineIII/FirstAssignment/PhilipeGo_Assign01/Content/StarterContent/Textures/T_Wood_Pine_D.uasset" 799
"../../../../Lasalle/2020.5-fall/GameEngineIII/FirstAssignment/PhilipeGo_Assign01/Content/StarterContent/Textures/T_Wood_Pine_N.uasset" 800
"../../../../Lasalle/2020.5-fall/GameEngineIII/FirstAssignment/PhilipeGo_Assign01/Content/StarterContent/Materials/M_Wood_Pine.uasset" 801
"../../../../Lasalle/2020.5-fall/GameEngineIII/FirstAssignment/PhilipeGo_Assign01/Content/StarterContent/Textures/T_Wood_Walnut_D.uasset" 802
"../../../../Lasalle/2020.5-fall/GameEngineIII/FirstAssignment/PhilipeGo_Assign01/Content/StarterContent/Textures/T_Wood_Walnut_N.uasset" 803
"../../../../Lasalle/2020.5-fall/GameEngineIII/FirstAssignment/PhilipeGo_Assign01/Content/StarterContent/Materials/M_Wood_Walnut.uasset" 804
"../../../../Lasalle/2020.5-fall/GameEngineIII/FirstAssignment/PhilipeGo_Assign01/Content/StarterContent/Architecture/Wall_400x200.uasset" 805
"../../../../Lasalle/2020.5-fall/GameEngineIII/FirstAssignment/PhilipeGo_Assign01/Content/StarterContent/Architecture/Wall_Door_400x300.uasset" 806
"../../../../Lasalle/2020.5-fall/GameEngineIII/FirstAssignment/PhilipeGo_Assign01/Content/StarterContent/Architecture/Wall_Window_400x300.uasset" 807
"../../../../Lasalle/2020.5-fall/GameEngineIII/FirstAssignment/PhilipeGo_Assign01/Content/StarterContent/Audio/Collapse_Cue.uasset" 808
"../../../../Lasalle/2020.5-fall/GameEngineIII/FirstAssignment/PhilipeGo_Assign01/Content/StarterContent/Audio/Starter_Music_Cue.uasset" 809
"../../../../Lasalle/2020.5-fall/GameEngineIII/FirstAssignment/PhilipeGo_Assign01/Content/StarterContent/Textures/T_Dust_Particle_D.uasset" 810
"../../../../Lasalle/2020.5-fall/GameEngineIII/FirstAssignment/PhilipeGo_Assign01/Content/StarterContent/Particles/Materials/M_Dust_Particle.uasset" 811
"../../../../Lasalle/2020.5-fall/GameEngineIII/FirstAssignment/PhilipeGo_Assign01/Content/StarterContent/Particles/P_Ambient_Dust.uasset" 812
"../../../../Lasalle/2020.5-fall/GameEngineIII/FirstAssignment/PhilipeGo_Assign01/Content/StarterContent/Textures/T_Frame_M.uasset" 813
"../../../../Lasalle/2020.5-fall/GameEngineIII/FirstAssignment/PhilipeGo_Assign01/Content/StarterContent/Textures/T_Frame_N.uasset" 814
"../../../../Lasalle/2020.5-fall/GameEngineIII/FirstAssignment/PhilipeGo_Assign01/Content/StarterContent/Props/Materials/M_Frame.uasset" 815
"../../../../Lasalle/2020.5-fall/GameEngineIII/FirstAssignment/PhilipeGo_Assign01/Content/StarterContent/Props/SM_CornerFrame.uasset" 816
"../../../../Lasalle/2020.5-fall/GameEngineIII/FirstAssignment/PhilipeGo_Assign01/Content/StarterContent/Props/SM_DoorFrame.uasset" 817
"../../../../Lasalle/2020.5-fall/GameEngineIII/FirstAssignment/PhilipeGo_Assign01/Content/StarterContent/Props/SM_GlassWindow.uasset" 818
"../../../../Lasalle/2020.5-fall/GameEngineIII/FirstAssignment/PhilipeGo_Assign01/Content/StarterContent/Props/SM_PillarFrame.uasset" 819
"../../../../Lasalle/2020.5-fall/GameEngineIII/FirstAssignment/PhilipeGo_Assign01/Content/StarterContent/Props/SM_PillarFrame300.uasset" 820
"../../../../Lasalle/2020.5-fall/GameEngineIII/FirstAssignment/PhilipeGo_Assign01/Content/StarterContent/Props/SM_WindowFrame.uasset" 821
"../../../../Lasalle/2020.5-fall/GameEngineIII/FirstAssignment/PhilipeGo_Assign01/Content/StarterContent/Shapes/Shape_Cube.uasset" 822
"../../../../Lasalle/2020.5-fall/GameEngineIII/FirstAssignment/PhilipeGo_Assign01/Content/StarterContent/Shapes/Shape_QuadPyramid.uasset" 823
"../../../../Lasalle/2020.5-fall/GameEngineIII/FirstAssignment/PhilipeGo_Assign01/Content/StarterContent/Shapes/Shape_Sphere.uasset" 824
"../../../../Lasalle/2020.5-fall/GameEngineIII/FirstAssignment/PhilipeGo_Assign01/Content/StarterContent/Maps/StarterMap.umap" 825
"../../../Engine/Content/Maps/Entry_BuiltData.uasset" 826
"../../../Engine/Content/Maps/Entry.umap" 827
